mkdir: cannot create directory ‘/users/s/r/srkeller/projects/eco_genomics_2025/population_genomics/mydata/ANGSD’: File exists
	-> angsd version: 0.935 (htslib: 1.19.1) build(Dec 18 2024 17:12:57)
	-> angsd -b /users/s/r/srkeller/projects/eco_genomics_2025/population_genomics/mydata/ANGSD/MN_bam.list -ref /gpfs1/cl/ecogen/pbio6800/PopulationGenomics/ref_genome/Pmariana/Pmariana1.0-genome_reduced.fa -anc /gpfs1/cl/ecogen/pbio6800/PopulationGenomics/ref_genome/Pmariana/Pmariana1.0-genome_reduced.fa -out /users/s/r/srkeller/projects/eco_genomics_2025/population_genomics/mydata/ANGSD/MN_ALL -nThreads 10 -remove_bads 1 -C 50 -baq 1 -minMapQ 20 -minQ 20 -GL 2 -doSaf 1 -doCounts 1 -minInd 4 -setMinDepthInd 1 -setMaxDepthInd 40 -setMinDepth 10 -skipTriallelic 1 -doMajorMinor 4 
	-> Inputtype is BAM/CRAM
[multiReader] 9 samples in 9 input files
	-> Reading fasta: /gpfs1/cl/ecogen/pbio6800/PopulationGenomics/ref_genome/Pmariana/Pmariana1.0-genome_reduced.fa
	-> Reading fasta: /gpfs1/cl/ecogen/pbio6800/PopulationGenomics/ref_genome/Pmariana/Pmariana1.0-genome_reduced.fa
	-> Parsing 9 number of samples 
	-> Printing at chr: JASDQU010009396.1 pos:4761 chunknumber 100 contains 229 sites
	-> Printing at chr: JASDQU010010097.1 pos:264722 chunknumber 200 contains 408 sites
	-> Printing at chr: JASDQU010010227.1 pos:68733 chunknumber 300 contains 837 sites
	-> Printing at chr: JASDQU010010346.1 pos:367602 chunknumber 400 contains 278 sites
	-> Printing at chr: JASDQU010010469.1 pos:246002 chunknumber 500 contains 417 sites
	-> Printing at chr: JASDQU010010615.1 pos:109846 chunknumber 600 contains 1744 sites
	-> Printing at chr: JASDQU010010739.1 pos:73373 chunknumber 700 contains 784 sites
	-> Printing at chr: JASDQU010010893.1 pos:4485 chunknumber 800 contains 12696 sites
	-> Printing at chr: JASDQU010011022.1 pos:78046 chunknumber 900 contains 7848 sites
	-> Printing at chr: JASDQU010011169.1 pos:161890 chunknumber 1000 contains 2179 sites
	-> Printing at chr: JASDQU010011313.1 pos:340 chunknumber 1100 contains 10963 sites
	-> Printing at chr: JASDQU010011440.1 pos:38480 chunknumber 1200 contains 2295 sites
	-> Printing at chr: JASDQU010011564.1 pos:209632 chunknumber 1300 contains 833 sites
	-> Printing at chr: JASDQU010011741.1 pos:295139 chunknumber 1400 contains 876 sites
	-> Printing at chr: JASDQU010011845.1 pos:185035 chunknumber 1500 contains 64 sites
	-> Printing at chr: JASDQU010012029.1 pos:513049 chunknumber 1600 contains 139 sites
	-> Printing at chr: JASDQU010012213.1 pos:8562 chunknumber 1700 contains 9845 sites
	-> Printing at chr: JASDQU010012325.1 pos:1194 chunknumber 1800 contains 3480 sites
	-> Printing at chr: JASDQU010012410.1 pos:764 chunknumber 1900 contains 10970 sites
	-> Printing at chr: JASDQU010012505.1 pos:101286 chunknumber 2000 contains 278 sites
	-> Printing at chr: JASDQU010012685.1 pos:5726 chunknumber 2100 contains 16426 sites
	-> Printing at chr: JASDQU010012831.1 pos:4007 chunknumber 2200 contains 5487 sites
	-> Printing at chr: JASDQU010012989.1 pos:137868 chunknumber 2300 contains 417 sites
	-> Printing at chr: JASDQU010013139.1 pos:178187 chunknumber 2400 contains 278 sites
	-> Printing at chr: JASDQU010013256.1 pos:138018 chunknumber 2500 contains 21546 sites
	-> Printing at chr: JASDQU010013376.1 pos:93245 chunknumber 2600 contains 877 sites
	-> Printing at chr: JASDQU010013515.1 pos:1029 chunknumber 2700 contains 4558 sites
	-> Printing at chr: JASDQU010013668.1 pos:10561 chunknumber 2800 contains 13531 sites
	-> Printing at chr: JASDQU010013785.1 pos:91511 chunknumber 2900 contains 204 sites
	-> Printing at chr: JASDQU010013931.1 pos:42946 chunknumber 3000 contains 4078 sites
	-> Printing at chr: JASDQU010014054.1 pos:160454 chunknumber 3100 contains 354 sites
	-> Printing at chr: JASDQU010014260.1 pos:298980 chunknumber 3200 contains 185 sites
	-> Printing at chr: JASDQU010014403.1 pos:136783 chunknumber 3300 contains 180 sites
	-> Printing at chr: JASDQU010014560.1 pos:252886 chunknumber 3400 contains 417 sites
	-> Printing at chr: JASDQU010014754.1 pos:167676 chunknumber 3500 contains 388 sites
	-> Printing at chr: JASDQU010014859.1 pos:8576 chunknumber 3600 contains 5940 sites
	-> Printing at chr: JASDQU010014990.1 pos:40326 chunknumber 3700 contains 2975 sites
	-> Printing at chr: JASDQU010025271.1 pos:20505 chunknumber 3800 contains 4337 sites
	-> Printing at chr: JASDQU010026015.1 pos:34801 chunknumber 3900 contains 473 sites
	-> Printing at chr: JASDQU010026538.1 pos:6096 chunknumber 4000 contains 407 sites
	-> Printing at chr: JASDQU010027144.1 pos:35821 chunknumber 4100 contains 501 sites
	-> Printing at chr: JASDQU010027756.1 pos:46898 chunknumber 4200 contains 373 sites
	-> Printing at chr: JASDQU010028289.1 pos:19840 chunknumber 4300 contains 159 sites
	-> Printing at chr: JASDQU010028905.1 pos:11438 chunknumber 4400 contains 417 sites
	-> Printing at chr: JASDQU010029483.1 pos:5999 chunknumber 4500 contains 976 sites
	-> Printing at chr: JASDQU010029939.1 pos:55421 chunknumber 4600 contains 308 sites
	-> Printing at chr: JASDQU010030806.1 pos:25304 chunknumber 4700 contains 673 sites
	-> Printing at chr: JASDQU010031422.1 pos:23535 chunknumber 4800 contains 573 sites
	-> Printing at chr: JASDQU010032234.1 pos:916 chunknumber 4900 contains 1674 sites
	-> Printing at chr: JASDQU010033152.1 pos:36172 chunknumber 5000 contains 85 sites
	-> Printing at chr: JASDQU010034082.1 pos:18873 chunknumber 5100 contains 858 sites
	-> Printing at chr: JASDQU010039683.1 pos:282 chunknumber 5200 contains 369 sites
No data for chromoId=1769 chromoname=JASDQU010065807.1
This could either indicate that there really is no data for this chromosome
Or it could be problem with this program regSize=0 notDone=9
	-> Printing at chr: JASDQU010069464.1 pos:4814 chunknumber 5300 contains 244 sites
	-> Printing at chr: JASDQU010095000.1 pos:1328 chunknumber 5400 contains 808 sites
	-> Printing at chr: JASDQU010095835.1 pos:13219 chunknumber 5500 contains 417 sites
	-> Printing at chr: JASDQU010096804.1 pos:10699 chunknumber 5600 contains 372 sites
	-> Printing at chr: JASDQU010097817.1 pos:1918 chunknumber 5700 contains 3099 sites
	-> Printing at chr: JASDQU010098774.1 pos:4642 chunknumber 5800 contains 504 sites
	-> Printing at chr: JASDQU010099516.1 pos:19168 chunknumber 5900 contains 195 sites
	-> Printing at chr: JASDQU010099726.1 pos:635496 chunknumber 6000 contains 936 sites
	-> Printing at chr: JASDQU010099763.1 pos:434497 chunknumber 6100 contains 9621 sites
	-> Printing at chr: JASDQU010099797.1 pos:6296 chunknumber 6200 contains 18437 sites
	-> Printing at chr: JASDQU010099844.1 pos:126823 chunknumber 6300 contains 596 sites
	-> Printing at chr: JASDQU010099872.1 pos:19915 chunknumber 6400 contains 534 sites
	-> Printing at chr: JASDQU010099908.1 pos:1215478 chunknumber 6500 contains 357 sites
	-> Printing at chr: JASDQU010099954.1 pos:286698 chunknumber 6600 contains 3013 sites
	-> Printing at chr: JASDQU010099985.1 pos:567673 chunknumber 6700 contains 2955 sites
	-> Printing at chr: JASDQU010100034.1 pos:534857 chunknumber 6800 contains 460 sites
	-> Printing at chr: JASDQU010100075.1 pos:477421 chunknumber 6900 contains 252 sites
	-> Printing at chr: JASDQU010100113.1 pos:893324 chunknumber 7000 contains 145 sites
	-> Printing at chr: JASDQU010100153.1 pos:4764 chunknumber 7100 contains 20542 sites
	-> Printing at chr: JASDQU010100199.1 pos:431599 chunknumber 7200 contains 734 sites
	-> Printing at chr: JASDQU010100256.1 pos:509981 chunknumber 7300 contains 556 sites
	-> Printing at chr: JASDQU010100294.1 pos:676949 chunknumber 7400 contains 271 sites
	-> Printing at chr: JASDQU010100335.1 pos:191817 chunknumber 7500 contains 1117 sites
	-> Printing at chr: JASDQU010100383.1 pos:117621 chunknumber 7600 contains 5138 sites
	-> Printing at chr: JASDQU010100439.1 pos:427406 chunknumber 7700 contains 16799 sites
	-> Printing at chr: JASDQU010100477.1 pos:78815 chunknumber 7800 contains 12505 sites
	-> Printing at chr: JASDQU010100527.1 pos:472990 chunknumber 7900 contains 624 sites
	-> Printing at chr: JASDQU010100571.1 pos:299373 chunknumber 8000 contains 610 sites
	-> Printing at chr: JASDQU010100633.1 pos:25078 chunknumber 8100 contains 17052 sites
	-> Printing at chr: JASDQU010100686.1 pos:332451 chunknumber 8200 contains 257 sites
	-> Printing at chr: JASDQU010100731.1 pos:11206 chunknumber 8300 contains 11203 sites
	-> Printing at chr: JASDQU010100800.1 pos:710216 chunknumber 8400 contains 829 sites
	-> Printing at chr: JASDQU010100851.1 pos:798071 chunknumber 8500 contains 278 sites
	-> Printing at chr: JASDQU010100903.1 pos:381995 chunknumber 8600 contains 2447 sites
	-> Printing at chr: JASDQU010100952.1 pos:334274 chunknumber 8700 contains 4313 sites
	-> Printing at chr: JASDQU010101002.1 pos:3323 chunknumber 8800 contains 7242 sites
	-> Printing at chr: JASDQU010101056.1 pos:411091 chunknumber 8900 contains 150 sites
	-> Printing at chr: JASDQU010101110.1 pos:802143 chunknumber 9000 contains 49 sites
	-> Printing at chr: JASDQU010101175.1 pos:432706 chunknumber 9100 contains 68 sites
	-> Printing at chr: JASDQU010101236.1 pos:266454 chunknumber 9200 contains 2775 sites
	-> Printing at chr: JASDQU010101286.1 pos:390080 chunknumber 9300 contains 1488 sites
	-> Printing at chr: JASDQU010101360.1 pos:631385 chunknumber 9400 contains 213 sites
	-> Printing at chr: JASDQU010101392.1 pos:485781 chunknumber 9500 contains 336 sites
	-> Printing at chr: JASDQU010101452.1 pos:101462 chunknumber 9600 contains 685 sites
	-> Printing at chr: JASDQU010101524.1 pos:248642 chunknumber 9700 contains 14881 sites
	-> Printing at chr: JASDQU010101583.1 pos:570553 chunknumber 9800 contains 555 sites
	-> Printing at chr: JASDQU010101667.1 pos:904447 chunknumber 9900 contains 11048 sites
	-> Printing at chr: JASDQU010101721.1 pos:6208 chunknumber 10000 contains 14551 sites
	-> Printing at chr: JASDQU010101783.1 pos:500645 chunknumber 10100 contains 2568 sites
	-> Printing at chr: JASDQU010101832.1 pos:955988 chunknumber 10200 contains 320 sites
	-> Printing at chr: JASDQU010101884.1 pos:540304 chunknumber 10300 contains 292 sites
	-> Printing at chr: JASDQU010101962.1 pos:377837 chunknumber 10400 contains 547 sites
	-> Printing at chr: JASDQU010102035.1 pos:18709 chunknumber 10500 contains 15010 sites
	-> Printing at chr: JASDQU010102093.1 pos:379980 chunknumber 10600 contains 2086 sites
	-> Printing at chr: JASDQU010102153.1 pos:148779 chunknumber 10700 contains 4719 sites
	-> Printing at chr: JASDQU010102205.1 pos:183379 chunknumber 10800 contains 444 sites
	-> Printing at chr: JASDQU010102278.1 pos:345325 chunknumber 10900 contains 5644 sites
	-> Printing at chr: JASDQU010102339.1 pos:6765 chunknumber 11000 contains 8464 sites
	-> Printing at chr: JASDQU010102396.1 pos:123462 chunknumber 11100 contains 6832 sites
	-> Printing at chr: JASDQU010102466.1 pos:28550 chunknumber 11200 contains 1109 sites
	-> Printing at chr: JASDQU010102532.1 pos:800330 chunknumber 11300 contains 278 sites
	-> Printing at chr: JASDQU010102648.1 pos:280678 chunknumber 11400 contains 278 sites
	-> Printing at chr: JASDQU010102719.1 pos:121006 chunknumber 11500 contains 1272 sites
	-> Printing at chr: JASDQU010102779.1 pos:43288 chunknumber 11600 contains 10766 sites
	-> Printing at chr: JASDQU010102829.1 pos:137240 chunknumber 11700 contains 6250 sites
	-> Printing at chr: JASDQU010102893.1 pos:444359 chunknumber 11800 contains 258 sites
	-> Printing at chr: JASDQU010102958.1 pos:11420 chunknumber 11900 contains 10961 sites
	-> Printing at chr: JASDQU010103028.1 pos:113257 chunknumber 12000 contains 15159 sites
	-> Printing at chr: JASDQU010103105.1 pos:460798 chunknumber 12100 contains 5501 sites
	-> Printing at chr: JASDQU010103177.1 pos:4481 chunknumber 12200 contains 14764 sites
	-> Printing at chr: JASDQU010103237.1 pos:157718 chunknumber 12300 contains 312 sites
	-> Printing at chr: JASDQU010103295.1 pos:345513 chunknumber 12400 contains 4449 sites
	-> Printing at chr: JASDQU010103385.1 pos:389167 chunknumber 12500 contains 476 sites
	-> Printing at chr: JASDQU010103452.1 pos:5979 chunknumber 12600 contains 20396 sites
	-> Printing at chr: JASDQU010103559.1 pos:162140 chunknumber 12700 contains 361 sites
	-> Printing at chr: JASDQU010103615.1 pos:214985 chunknumber 12800 contains 313 sites
	-> Printing at chr: JASDQU010103712.1 pos:60585 chunknumber 12900 contains 1043 sites
	-> Printing at chr: JASDQU010103779.1 pos:160255 chunknumber 13000 contains 992 sites
	-> Printing at chr: JASDQU010103840.1 pos:341259 chunknumber 13100 contains 742 sites
	-> Printing at chr: JASDQU010103915.1 pos:571910 chunknumber 13200 contains 319 sites
	-> Printing at chr: JASDQU010103997.1 pos:133756 chunknumber 13300 contains 7781 sites
	-> Printing at chr: JASDQU010104069.1 pos:22797 chunknumber 13400 contains 4629 sites
	-> Printing at chr: JASDQU010104136.1 pos:307330 chunknumber 13500 contains 394 sites
	-> Printing at chr: JASDQU010104238.1 pos:4016 chunknumber 13600 contains 7476 sites
	-> Printing at chr: JASDQU010104321.1 pos:573043 chunknumber 13700 contains 164 sites
	-> Printing at chr: JASDQU010104404.1 pos:99503 chunknumber 13800 contains 1020 sites
	-> Printing at chr: JASDQU010104491.1 pos:5097 chunknumber 13900 contains 7894 sites
	-> Printing at chr: JASDQU010104581.1 pos:32578 chunknumber 14000 contains 1517 sites
	-> Printing at chr: JASDQU010104647.1 pos:530712 chunknumber 14100 contains 205 sites
	-> Printing at chr: JASDQU010104723.1 pos:179136 chunknumber 14200 contains 290 sites
	-> Printing at chr: JASDQU010104824.1 pos:7546 chunknumber 14300 contains 6260 sites
	-> Printing at chr: JASDQU010104949.1 pos:105812 chunknumber 14400 contains 8594 sites
	-> Printing at chr: JASDQU010105086.1 pos:407 chunknumber 14500 contains 4557 sites
	-> Printing at chr: JASDQU010105226.1 pos:29198 chunknumber 14600 contains 11680 sites
	-> Printing at chr: JASDQU010105360.1 pos:103921 chunknumber 14700 contains 732 sites
	-> Printing at chr: JASDQU010105543.1 pos:368 chunknumber 14800 contains 11269 sites
	-> Printing at chr: JASDQU010105675.1 pos:77087 chunknumber 14900 contains 417 sites
	-> Printing at chr: JASDQU010105803.1 pos:116046 chunknumber 15000 contains 278 sites
	-> Printing at chr: JASDQU010105972.1 pos:230296 chunknumber 15100 contains 281 sites
	-> Printing at chr: JASDQU010106160.1 pos:223181 chunknumber 15200 contains 192 sites
	-> Printing at chr: JASDQU010106411.1 pos:1027 chunknumber 15300 contains 8399 sites
	-> Printing at chr: JASDQU010106564.1 pos:4606 chunknumber 15400 contains 12355 sites
	-> Printing at chr: JASDQU010106720.1 pos:430880 chunknumber 15500 contains 417 sites
	-> Printing at chr: JASDQU010106911.1 pos:11316 chunknumber 15600 contains 5957 sites
	-> Printing at chr: JASDQU010107073.1 pos:5197 chunknumber 15700 contains 9451 sites
	-> Printing at chr: JASDQU010107188.1 pos:18518 chunknumber 15800 contains 5713 sites
	-> Printing at chr: JASDQU010107361.1 pos:119683 chunknumber 15900 contains 2236 sites
	-> Printing at chr: JASDQU010107529.1 pos:61844 chunknumber 16000 contains 2216 sites
	-> Printing at chr: JASDQU010107667.1 pos:11597 chunknumber 16100 contains 6529 sites
	-> Printing at chr: JASDQU010107872.1 pos:273866 chunknumber 16200 contains 1401 sites
	-> Printing at chr: JASDQU010108026.1 pos:110195 chunknumber 16300 contains 1523 sites
	-> Printing at chr: JASDQU010108162.1 pos:73212 chunknumber 16400 contains 217 sites
	-> Printing at chr: JASDQU010108345.1 pos:110510 chunknumber 16500 contains 417 sites
	-> Printing at chr: JASDQU010108567.1 pos:14824 chunknumber 16600 contains 4927 sites
	-> Printing at chr: JASDQU010108724.1 pos:36522 chunknumber 16700 contains 1131 sites
	-> Printing at chr: JASDQU010108979.1 pos:112693 chunknumber 16800 contains 1877 sites
	-> Printing at chr: JASDQU010109218.1 pos:81347 chunknumber 16900 contains 173 sites
	-> Printing at chr: JASDQU010109394.1 pos:68792 chunknumber 17000 contains 1797 sites
	-> Printing at chr: JASDQU010109516.1 pos:105704 chunknumber 17100 contains 146 sites
	-> Printing at chr: JASDQU010109657.1 pos:69951 chunknumber 17200 contains 1238 sites
No data for chromoId=5078 chromoname=JASDQU010114104.1
This could either indicate that there really is no data for this chromosome
Or it could be problem with this program regSize=0 notDone=9
	-> Printing at chr: JASDQU010124268.1 pos:9 chunknumber 17300 contains 2185 sites
No data for chromoId=5119 chromoname=JASDQU010145881.1
This could either indicate that there really is no data for this chromosome
Or it could be problem with this program regSize=0 notDone=9
	-> Printing at chr: JASDQU010170047.1 pos:16203 chunknumber 17400 contains 229 sites
	-> Printing at chr: JASDQU010170739.1 pos:6479 chunknumber 17500 contains 1352 sites
	-> Printing at chr: JASDQU010171688.1 pos:24179 chunknumber 17600 contains 1226 sites
	-> Printing at chr: JASDQU010172613.1 pos:10651 chunknumber 17700 contains 198 sites
	-> Printing at chr: JASDQU010173387.1 pos:9289 chunknumber 17800 contains 396 sites
	-> Printing at chr: JASDQU010174416.1 pos:37582 chunknumber 17900 contains 880 sites
	-> Printing at chr: JASDQU010185489.1 pos:625 chunknumber 18000 contains 5457 sites
	-> Printing at chr: JASDQU010186231.1 pos:38 chunknumber 18100 contains 1307 sites
	-> Printing at chr: JASDQU010187101.1 pos:14916 chunknumber 18200 contains 276 sites
	-> Printing at chr: JASDQU010187963.1 pos:13122 chunknumber 18300 contains 4011 sites
	-> Printing at chr: JASDQU010188765.1 pos:16380 chunknumber 18400 contains 1621 sites
	-> Printing at chr: JASDQU010189658.1 pos:46420 chunknumber 18500 contains 492 sites
	-> Printing at chr: JASDQU010191034.1 pos:137 chunknumber 18600 contains 2688 sites
	-> Printing at chr: JASDQU010191881.1 pos:376 chunknumber 18700 contains 2082 sites
	-> Printing at chr: JASDQU010192914.1 pos:7726 chunknumber 18800 contains 2615 sites
	-> Printing at chr: JASDQU010193999.1 pos:9877 chunknumber 18900 contains 2047 sites
	-> Printing at chr: JASDQU010194925.1 pos:33603 chunknumber 19000 contains 68 sites
No data for chromoId=5805 chromoname=JASDQU010195384.1
This could either indicate that there really is no data for this chromosome
Or it could be problem with this program regSize=0 notDone=9
	-> Printing at chr: JASDQU010196217.1 pos:8024 chunknumber 19100 contains 329 sites
	-> Printing at chr: JASDQU010197233.1 pos:14324 chunknumber 19200 contains 729 sites
	-> Printing at chr: JASDQU010198160.1 pos:17738 chunknumber 19300 contains 411 sites
	-> Printing at chr: JASDQU010199117.1 pos:10469 chunknumber 19400 contains 409 sites
	-> Printing at chr: JASDQU010199928.1 pos:14325 chunknumber 19500 contains 609 sites
	-> Printing at chr: JASDQU010200709.1 pos:15974 chunknumber 19600 contains 1357 sites
	-> Printing at chr: JASDQU010201706.1 pos:495 chunknumber 19700 contains 1179 sites
No data for chromoId=6078 chromoname=JASDQU010201970.1
This could either indicate that there really is no data for this chromosome
Or it could be problem with this program regSize=0 notDone=9
	-> Printing at chr: JASDQU010202924.1 pos:4934 chunknumber 19800 contains 4276 sites
	-> Printing at chr: JASDQU010203766.1 pos:12233 chunknumber 19900 contains 3532 sites
No data for chromoId=6175 chromoname=JASDQU010204578.1
This could either indicate that there really is no data for this chromosome
Or it could be problem with this program regSize=0 notDone=9
	-> Printing at chr: JASDQU010204893.1 pos:10626 chunknumber 20000 contains 271 sites
	-> Printing at chr: JASDQU010205574.1 pos:20511 chunknumber 20100 contains 6792 sites
	-> Printing at chr: JASDQU010206345.1 pos:8450 chunknumber 20200 contains 5858 sites
	-> Printing at chr: JASDQU010207035.1 pos:13351 chunknumber 20300 contains 622 sites
	-> Printing at chr: JASDQU010207624.1 pos:1002 chunknumber 20400 contains 1427 sites
	-> Printing at chr: JASDQU010208349.1 pos:50525 chunknumber 20500 contains 368 sites
	-> Printing at chr: JASDQU010209008.1 pos:15181 chunknumber 20600 contains 4343 sites
	-> Printing at chr: JASDQU010209556.1 pos:47501 chunknumber 20700 contains 661 sites
	-> Printing at chr: JASDQU010210200.1 pos:1180 chunknumber 20800 contains 417 sites
	-> Printing at chr: JASDQU010211356.1 pos:15129 chunknumber 20900 contains 807 sites
No data for chromoId=6548 chromoname=JASDQU010211745.1
This could either indicate that there really is no data for this chromosome
Or it could be problem with this program regSize=0 notDone=9
	-> Printing at chr: JASDQU010212613.1 pos:5477 chunknumber 21000 contains 1318 sites
	-> Printing at chr: JASDQU010213580.1 pos:12321 chunknumber 21100 contains 459 sites
	-> Printing at chr: JASDQU010214562.1 pos:20322 chunknumber 21200 contains 113 sites
	-> Printing at chr: JASDQU010215557.1 pos:16466 chunknumber 21300 contains 604 sites
	-> Printing at chr: JASDQU010216851.1 pos:4665 chunknumber 21400 contains 417 sites
	-> Printing at chr: JASDQU010217896.1 pos:375 chunknumber 21500 contains 3127 sites
No data for chromoId=6802 chromoname=JASDQU010218356.1
This could either indicate that there really is no data for this chromosome
Or it could be problem with this program regSize=0 notDone=9
	-> Printing at chr: JASDQU010218874.1 pos:5252 chunknumber 21600 contains 1582 sites
	-> Printing at chr: JASDQU010219901.1 pos:7895 chunknumber 21700 contains 463 sites
No data for chromoId=6883 chromoname=JASDQU010220470.1
This could either indicate that there really is no data for this chromosome
Or it could be problem with this program regSize=0 notDone=9
	-> Printing at chr: JASDQU010221215.1 pos:11186 chunknumber 21800 contains 354 sites
	-> Printing at chr: JASDQU010221889.1 pos:11153 chunknumber 21900 contains 258 sites
	-> Printing at chr: JASDQU010222745.1 pos:18555 chunknumber 22000 contains 278 sites
	-> Printing at chr: JASDQU010223795.1 pos:3731 chunknumber 22100 contains 1693 sites
	-> Printing at chr: JASDQU010224807.1 pos:1 chunknumber 22200 contains 1759 sites
	-> Printing at chr: JASDQU010225686.1 pos:2513 chunknumber 22300 contains 2220 sites
	-> Printing at chr: JASDQU010226788.1 pos:16756 chunknumber 22400 contains 272 sites
No data for chromoId=7138 chromoname=JASDQU010227113.1
This could either indicate that there really is no data for this chromosome
Or it could be problem with this program regSize=0 notDone=9
	-> Printing at chr: JASDQU010228373.1 pos:3308 chunknumber 22500 contains 1161 sites
No data for chromoId=7175 chromoname=JASDQU010228395.1
This could either indicate that there really is no data for this chromosome
Or it could be problem with this program regSize=0 notDone=9
	-> Printing at chr: JASDQU010229651.1 pos:2972 chunknumber 22600 contains 2329 sites
	-> Printing at chr: JASDQU010235626.1 pos:13525 chunknumber 22700 contains 372 sites
	-> Printing at chr: JASDQU010236826.1 pos:2735 chunknumber 22800 contains 3240 sites
	-> Printing at chr: JASDQU010238022.1 pos:12318 chunknumber 22900 contains 316 sites
	-> Printing at chr: JASDQU010239039.1 pos:2308 chunknumber 23000 contains 179 sites
	-> Printing at chr: JASDQU010240081.1 pos:7794 chunknumber 23100 contains 2629 sites
	-> Printing at chr: JASDQU010240514.1 pos:7481 chunknumber 23200 contains 11500 sites
	-> Printing at chr: JASDQU010240652.1 pos:77722 chunknumber 23300 contains 3976 sites
	-> Printing at chr: JASDQU010240835.1 pos:217930 chunknumber 23400 contains 551 sites
	-> Printing at chr: JASDQU010240973.1 pos:4751 chunknumber 23500 contains 4267 sites
	-> Printing at chr: JASDQU010241146.1 pos:101761 chunknumber 23600 contains 307 sites
	-> Printing at chr: JASDQU010241349.1 pos:146260 chunknumber 23700 contains 542 sites
	-> Printing at chr: JASDQU010241565.1 pos:142302 chunknumber 23800 contains 669 sites
	-> Printing at chr: JASDQU010241747.1 pos:61195 chunknumber 23900 contains 386 sites
	-> Printing at chr: JASDQU010241956.1 pos:15305 chunknumber 24000 contains 6242 sites
	-> Printing at chr: JASDQU010242090.1 pos:194446 chunknumber 24100 contains 856 sites
	-> Printing at chr: JASDQU010242280.1 pos:1902 chunknumber 24200 contains 6451 sites
	-> Printing at chr: JASDQU010242419.1 pos:9688 chunknumber 24300 contains 3322 sites
	-> Printing at chr: JASDQU010242612.1 pos:14556 chunknumber 24400 contains 7077 sites
	-> Printing at chr: JASDQU010242770.1 pos:187 chunknumber 24500 contains 976 sites
	-> Printing at chr: JASDQU010242949.1 pos:217538 chunknumber 24600 contains 896 sites
	-> Printing at chr: JASDQU010243135.1 pos:135767 chunknumber 24700 contains 454 sites
	-> Printing at chr: JASDQU010243296.1 pos:94593 chunknumber 24800 contains 245 sites
	-> Printing at chr: JASDQU010243498.1 pos:2702 chunknumber 24900 contains 5625 sites
	-> Printing at chr: JASDQU010243733.1 pos:130373 chunknumber 25000 contains 279 sites
	-> Printing at chr: JASDQU010243897.1 pos:149182 chunknumber 25100 contains 144 sites
	-> Printing at chr: JASDQU010244063.1 pos:218172 chunknumber 25200 contains 1132 sites
	-> Printing at chr: JASDQU010244232.1 pos:4795 chunknumber 25300 contains 9878 sites
	-> Printing at chr: JASDQU010244413.1 pos:49 chunknumber 25400 contains 9411 sites
	-> Printing at chr: JASDQU010244581.1 pos:163154 chunknumber 25500 contains 554 sites
	-> Printing at chr: JASDQU010244794.1 pos:1404 chunknumber 25600 contains 3707 sites
	-> Printing at chr: JASDQU010244978.1 pos:116582 chunknumber 25700 contains 137 sites
	-> Printing at chr: JASDQU010245203.1 pos:2249 chunknumber 25800 contains 7133 sites
	-> Printing at chr: JASDQU010245390.1 pos:76131 chunknumber 25900 contains 2478 sites
	-> Printing at chr: JASDQU010246549.1 pos:3210 chunknumber 26000 contains 2269 sites
	-> Printing at chr: JASDQU010247745.1 pos:7988 chunknumber 26100 contains 145 sites
	-> Printing at chr: JASDQU010248962.1 pos:12822 chunknumber 26200 contains 166 sites
	-> Printing at chr: JASDQU010250234.1 pos:7443 chunknumber 26300 contains 2011 sites
	-> Printing at chr: JASDQU010251089.1 pos:17449 chunknumber 26400 contains 417 sites
	-> Printing at chr: JASDQU010252151.1 pos:21810 chunknumber 26500 contains 156 sites
No data for chromoId=8579 chromoname=JASDQU010252875.1
This could either indicate that there really is no data for this chromosome
Or it could be problem with this program regSize=0 notDone=9
	-> Printing at chr: JASDQU010253131.1 pos:14041 chunknumber 26600 contains 814 sites
	-> Printing at chr: JASDQU010254087.1 pos:8707 chunknumber 26700 contains 90 sites
No data for chromoId=8644 chromoname=JASDQU010254775.1
This could either indicate that there really is no data for this chromosome
Or it could be problem with this program regSize=0 notDone=9
	-> Printing at chr: JASDQU010255503.1 pos:10165 chunknumber 26800 contains 834 sites
	-> Printing at chr: JASDQU010257089.1 pos:2297 chunknumber 26900 contains 463 sites
	-> Printing at chr: JASDQU010258401.1 pos:13090 chunknumber 27000 contains 278 sites
No data for chromoId=8749 chromoname=JASDQU010258698.1
This could either indicate that there really is no data for this chromosome
Or it could be problem with this program regSize=0 notDone=9
	-> Printing at chr: JASDQU010259974.1 pos:13287 chunknumber 27100 contains 613 sites
	-> Printing at chr: JASDQU010261199.1 pos:66 chunknumber 27200 contains 2492 sites
	-> Printing at chr: JASDQU010262871.1 pos:1247 chunknumber 27300 contains 1105 sites
	-> Printing at chr: JASDQU010264012.1 pos:9612 chunknumber 27400 contains 778 sites
	-> Printing at chr: JASDQU010266639.1 pos:658 chunknumber 27500 contains 672 sites
	-> Printing at chr: JASDQU010271347.1 pos:3763 chunknumber 27600 contains 1751 sites
No data for chromoId=9010 chromoname=JASDQU010271754.1
This could either indicate that there really is no data for this chromosome
Or it could be problem with this program regSize=0 notDone=9
	-> Printing at chr: JASDQU010272664.1 pos:2505 chunknumber 27700 contains 913 sites
No data for chromoId=9065 chromoname=JASDQU010273675.1
This could either indicate that there really is no data for this chromosome
Or it could be problem with this program regSize=0 notDone=9
	-> Printing at chr: JASDQU010274694.1 pos:6101 chunknumber 27800 contains 1084 sites
	-> Printing at chr: JASDQU010276188.1 pos:3362 chunknumber 27900 contains 184 sites
	-> Printing at chr: JASDQU010277450.1 pos:242 chunknumber 28000 contains 1937 sites
No data for chromoId=9178 chromoname=JASDQU010277948.1
This could either indicate that there really is no data for this chromosome
Or it could be problem with this program regSize=0 notDone=9
	-> Printing at chr: JASDQU010279051.1 pos:1709 chunknumber 28100 contains 1477 sites
	-> Printing at chr: JASDQU010280265.1 pos:1400 chunknumber 28200 contains 2651 sites
	-> Printing at chr: JASDQU010281543.1 pos:11283 chunknumber 28300 contains 1091 sites
	-> Printing at chr: JASDQU010283267.1 pos:4711 chunknumber 28400 contains 2 sites
No data for chromoId=9371 chromoname=JASDQU010284762.1
This could either indicate that there really is no data for this chromosome
Or it could be problem with this program regSize=0 notDone=9
	-> Printing at chr: JASDQU010284794.1 pos:7084 chunknumber 28500 contains 431 sites
	-> Printing at chr: JASDQU010290082.1 pos:10353 chunknumber 28600 contains 284 sites
	-> Printing at chr: JASDQU010291546.1 pos:13079 chunknumber 28700 contains 971 sites
No data for chromoId=9485 chromoname=JASDQU010292739.1
This could either indicate that there really is no data for this chromosome
Or it could be problem with this program regSize=0 notDone=9
	-> Printing at chr: JASDQU010292970.1 pos:6932 chunknumber 28800 contains 409 sites
	-> Printing at chr: JASDQU010294273.1 pos:2319 chunknumber 28900 contains 861 sites
	-> Printing at chr: JASDQU010296225.1 pos:267 chunknumber 29000 contains 122 sites
	-> Printing at chr: JASDQU010297954.1 pos:3022 chunknumber 29100 contains 1477 sites
	-> Printing at chr: JASDQU010299659.1 pos:9378 chunknumber 29200 contains 1889 sites
	-> Printing at chr: JASDQU010301121.1 pos:13638 chunknumber 29300 contains 32 sites
	-> Printing at chr: JASDQU010302732.1 pos:11517 chunknumber 29400 contains 2607 sites
	-> Printing at chr: JASDQU010303832.1 pos:13216 chunknumber 29500 contains 84 sites
No data for chromoId=9793 chromoname=JASDQU010304150.1
This could either indicate that there really is no data for this chromosome
Or it could be problem with this program regSize=0 notDone=9
	-> Printing at chr: JASDQU010305434.1 pos:108808 chunknumber 29600 contains 171 sites
	-> Printing at chr: JASDQU010305616.1 pos:40104 chunknumber 29700 contains 1250 sites
	-> Printing at chr: JASDQU010305831.1 pos:106353 chunknumber 29800 contains 2852 sites
	-> Printing at chr: JASDQU010305997.1 pos:3052 chunknumber 29900 contains 856 sites
	-> Printing at chr: JASDQU010306211.1 pos:23023 chunknumber 30000 contains 386 sites
	-> Printing at chr: JASDQU010306410.1 pos:6833 chunknumber 30100 contains 2980 sites
	-> Printing at chr: JASDQU010306630.1 pos:67778 chunknumber 30200 contains 418 sites
	-> Printing at chr: JASDQU010306812.1 pos:188825 chunknumber 30300 contains 3665 sites
	-> Printing at chr: JASDQU010306979.1 pos:2427 chunknumber 30400 contains 6301 sites
	-> Printing at chr: JASDQU010307174.1 pos:32926 chunknumber 30500 contains 776 sites
	-> Printing at chr: JASDQU010307417.1 pos:68487 chunknumber 30600 contains 882 sites
	-> Printing at chr: JASDQU010307603.1 pos:196813 chunknumber 30700 contains 417 sites
	-> Printing at chr: JASDQU010307829.1 pos:286 chunknumber 30800 contains 5281 sites
	-> Printing at chr: JASDQU010307990.1 pos:270 chunknumber 30900 contains 749 sites
	-> Printing at chr: JASDQU010308170.1 pos:32972 chunknumber 31000 contains 610 sites
	-> Printing at chr: JASDQU010308419.1 pos:6682 chunknumber 31100 contains 877 sites
	-> Printing at chr: JASDQU010308619.1 pos:31175 chunknumber 31200 contains 3578 sites
	-> Printing at chr: JASDQU010308843.1 pos:104504 chunknumber 31300 contains 671 sites
	-> Printing at chr: JASDQU010309031.1 pos:5062 chunknumber 31400 contains 1106 sites
	-> Printing at chr: JASDQU010309299.1 pos:222603 chunknumber 31500 contains 1227 sites
	-> Printing at chr: JASDQU010309537.1 pos:11905 chunknumber 31600 contains 2137 sites
	-> Printing at chr: JASDQU010309810.1 pos:2253 chunknumber 31700 contains 5086 sites
	-> Printing at chr: JASDQU010310026.1 pos:40735 chunknumber 31800 contains 1350 sites
	-> Printing at chr: JASDQU010310269.1 pos:90353 chunknumber 31900 contains 1544 sites
	-> Printing at chr: JASDQU010311206.1 pos:2493 chunknumber 32000 contains 1619 sites
	-> Printing at chr: JASDQU010312675.1 pos:2556 chunknumber 32100 contains 1269 sites
	-> Printing at chr: JASDQU010314182.1 pos:404 chunknumber 32200 contains 426 sites
	-> Printing at chr: JASDQU010315962.1 pos:4430 chunknumber 32300 contains 138 sites
	-> Printing at chr: JASDQU010317311.1 pos:2707 chunknumber 32400 contains 876 sites
	-> Printing at chr: JASDQU010318469.1 pos:799 chunknumber 32500 contains 2352 sites
	-> Printing at chr: JASDQU010319960.1 pos:10705 chunknumber 32600 contains 381 sites
No data for chromoId=10850 chromoname=JASDQU010320087.1
This could either indicate that there really is no data for this chromosome
Or it could be problem with this program regSize=0 notDone=9
	-> Printing at chr: JASDQU010321876.1 pos:10783 chunknumber 32700 contains 234 sites
No data for chromoId=10888 chromoname=JASDQU010321954.1
This could either indicate that there really is no data for this chromosome
Or it could be problem with this program regSize=0 notDone=9
	-> Printing at chr: JASDQU010323491.1 pos:989 chunknumber 32800 contains 1856 sites
No data for chromoId=10963 chromoname=JASDQU010325720.1
This could either indicate that there really is no data for this chromosome
Or it could be problem with this program regSize=0 notDone=9
	-> Printing at chr: JASDQU010330248.1 pos:8911 chunknumber 32900 contains 747 sites
	-> Printing at chr: JASDQU010331796.1 pos:11617 chunknumber 33000 contains 854 sites
	-> Printing at chr: JASDQU010333878.1 pos:863 chunknumber 33100 contains 2802 sites
	-> Printing at chr: JASDQU010335671.1 pos:811 chunknumber 33200 contains 846 sites
No data for chromoId=11141 chromoname=JASDQU010337086.1
This could either indicate that there really is no data for this chromosome
Or it could be problem with this program regSize=0 notDone=9
	-> Printing at chr: JASDQU010337536.1 pos:11179 chunknumber 33300 contains 1185 sites
	-> Printing at chr: JASDQU010338829.1 pos:2587 chunknumber 33400 contains 731 sites
	-> Printing at chr: JASDQU010342305.1 pos:4915 chunknumber 33500 contains 210 sites
	-> Printing at chr: JASDQU010346094.1 pos:2530 chunknumber 33600 contains 868 sites
	-> Printing at chr: JASDQU010348077.1 pos:1515 chunknumber 33700 contains 278 sites
No data for chromoId=11375 chromoname=JASDQU010349515.1
This could either indicate that there really is no data for this chromosome
Or it could be problem with this program regSize=0 notDone=9
	-> Printing at chr: JASDQU010349555.1 pos:5745 chunknumber 33800 contains 1275 sites
	-> Printing at chr: JASDQU010351664.1 pos:8542 chunknumber 33900 contains 1127 sites
	-> Printing at chr: JASDQU010353748.1 pos:7416 chunknumber 34000 contains 845 sites
	-> Printing at chr: JASDQU010355538.1 pos:1209 chunknumber 34100 contains 1773 sites
	-> Printing at chr: JASDQU010357375.1 pos:13608 chunknumber 34200 contains 648 sites
	-> Printing at chr: JASDQU010359669.1 pos:6492 chunknumber 34300 contains 307 sites
	-> Printing at chr: JASDQU010361213.1 pos:10774 chunknumber 34400 contains 296 sites
	-> Printing at chr: JASDQU010362738.1 pos:6914 chunknumber 34500 contains 403 sites
No data for chromoId=11704 chromoname=JASDQU010364196.1
This could either indicate that there really is no data for this chromosome
Or it could be problem with this program regSize=0 notDone=9
	-> Printing at chr: JASDQU010364587.1 pos:6508 chunknumber 34600 contains 441 sites
	-> Printing at chr: JASDQU010365939.1 pos:4216 chunknumber 34700 contains 265 sites
	-> Printing at chr: JASDQU010367873.1 pos:9810 chunknumber 34800 contains 262 sites
	-> Printing at chr: JASDQU010369248.1 pos:980 chunknumber 34900 contains 1442 sites
	-> Printing at chr: JASDQU010370413.1 pos:16337 chunknumber 35000 contains 10349 sites
	-> Printing at chr: JASDQU010370716.1 pos:1201 chunknumber 35100 contains 3034 sites
	-> Printing at chr: JASDQU010370931.1 pos:6030 chunknumber 35200 contains 4112 sites
	-> Printing at chr: JASDQU010371095.1 pos:55420 chunknumber 35300 contains 456 sites
	-> Printing at chr: JASDQU010371342.1 pos:78273 chunknumber 35400 contains 5299 sites
	-> Printing at chr: JASDQU010371565.1 pos:33777 chunknumber 35500 contains 282 sites
	-> Printing at chr: JASDQU010371827.1 pos:184006 chunknumber 35600 contains 458 sites
	-> Printing at chr: JASDQU010371989.1 pos:68603 chunknumber 35700 contains 757 sites
	-> Printing at chr: JASDQU010372296.1 pos:1136 chunknumber 35800 contains 2715 sites
	-> Printing at chr: JASDQU010372543.1 pos:75172 chunknumber 35900 contains 12 sites
	-> Printing at chr: JASDQU010372703.1 pos:63887 chunknumber 36000 contains 2422 sites
	-> Printing at chr: JASDQU010373035.1 pos:142901 chunknumber 36100 contains 1337 sites
	-> Printing at chr: JASDQU010373260.1 pos:1913 chunknumber 36200 contains 2298 sites
	-> Printing at chr: JASDQU010373490.1 pos:1835 chunknumber 36300 contains 5680 sites
	-> Printing at chr: JASDQU010373727.1 pos:145790 chunknumber 36400 contains 350 sites
No data for chromoId=12357 chromoname=JASDQU010373836.1
This could either indicate that there really is no data for this chromosome
Or it could be problem with this program regSize=0 notDone=9
	-> Printing at chr: JASDQU010373890.1 pos:63954 chunknumber 36500 contains 525 sites
	-> Printing at chr: JASDQU010374177.1 pos:73018 chunknumber 36600 contains 279 sites
	-> Printing at chr: JASDQU010374389.1 pos:207579 chunknumber 36700 contains 278 sites
	-> Printing at chr: JASDQU010374670.1 pos:112637 chunknumber 36800 contains 696 sites
	-> Printing at chr: JASDQU010374879.1 pos:34063 chunknumber 36900 contains 438 sites
	-> Printing at chr: JASDQU010375211.1 pos:38807 chunknumber 37000 contains 138 sites
	-> Printing at chr: JASDQU010376347.1 pos:22017 chunknumber 37100 contains 450 sites
No data for chromoId=12616 chromoname=JASDQU010378198.1
This could either indicate that there really is no data for this chromosome
Or it could be problem with this program regSize=0 notDone=9
	-> Printing at chr: JASDQU010378458.1 pos:6911 chunknumber 37200 contains 457 sites
	-> Printing at chr: JASDQU010380162.1 pos:9202 chunknumber 37300 contains 268 sites
	-> Printing at chr: JASDQU010381863.1 pos:4943 chunknumber 37400 contains 607 sites
	-> Printing at chr: JASDQU010384645.1 pos:8317 chunknumber 37500 contains 92 sites
	-> Printing at chr: JASDQU010390783.1 pos:1501 chunknumber 37600 contains 907 sites
	-> Printing at chr: JASDQU010392721.1 pos:2115 chunknumber 37700 contains 1850 sites
No data for chromoId=12864 chromoname=JASDQU010394153.1
This could either indicate that there really is no data for this chromosome
Or it could be problem with this program regSize=0 notDone=9
	-> Printing at chr: JASDQU010395970.1 pos:749 chunknumber 37800 contains 1115 sites
	-> Printing at chr: JASDQU010400683.1 pos:3434 chunknumber 37900 contains 642 sites
	-> Printing at chr: JASDQU010402771.1 pos:6307 chunknumber 38000 contains 795 sites
	-> Printing at chr: JASDQU010405348.1 pos:4448 chunknumber 38100 contains 221 sites
	-> Printing at chr: JASDQU010407477.1 pos:7674 chunknumber 38200 contains 347 sites
	-> Printing at chr: JASDQU010410019.1 pos:619 chunknumber 38300 contains 325 sites
	-> Printing at chr: JASDQU010412580.1 pos:105 chunknumber 38400 contains 992 sites
	-> Printing at chr: JASDQU010414668.1 pos:3194 chunknumber 38500 contains 866 sites
	-> Printing at chr: JASDQU010417294.1 pos:8576 chunknumber 38600 contains 453 sites
	-> Printing at chr: JASDQU010419871.1 pos:4364 chunknumber 38700 contains 1733 sites
	-> Printing at chr: JASDQU010421485.1 pos:7826 chunknumber 38800 contains 172 sites
	-> Printing at chr: JASDQU010423390.1 pos:7860 chunknumber 38900 contains 581 sites
	-> Printing at chr: JASDQU010425813.1 pos:29 chunknumber 39000 contains 724 sites
No data for chromoId=13463 chromoname=JASDQU010428216.1
This could either indicate that there really is no data for this chromosome
Or it could be problem with this program regSize=0 notDone=9
	-> Printing at chr: JASDQU010428327.1 pos:2351 chunknumber 39100 contains 2567 sites
	-> Printing at chr: JASDQU010431106.1 pos:4225 chunknumber 39200 contains 573 sites
	-> Printing at chr: JASDQU010433531.1 pos:6502 chunknumber 39300 contains 420 sites
	-> Printing at chr: JASDQU010435425.1 pos:1251 chunknumber 39400 contains 8529 sites
	-> Printing at chr: JASDQU010435680.1 pos:55168 chunknumber 39500 contains 457 sites
	-> Printing at chr: JASDQU010435953.1 pos:92153 chunknumber 39600 contains 603 sites
	-> Printing at chr: JASDQU010436145.1 pos:97789 chunknumber 39700 contains 376 sites
	-> Printing at chr: JASDQU010436399.1 pos:29282 chunknumber 39800 contains 136 sites
	-> Printing at chr: JASDQU010436610.1 pos:3916 chunknumber 39900 contains 1684 sites
	-> Printing at chr: JASDQU010436929.1 pos:203906 chunknumber 40000 contains 301 sites
	-> Printing at chr: JASDQU010437148.1 pos:34236 chunknumber 40100 contains 1611 sites
	-> Printing at chr: JASDQU010437357.1 pos:35170 chunknumber 40200 contains 640 sites
	-> Printing at chr: JASDQU010437598.1 pos:55775 chunknumber 40300 contains 252 sites
	-> Printing at chr: JASDQU010437857.1 pos:2362 chunknumber 40400 contains 4396 sites
	-> Printing at chr: JASDQU010438127.1 pos:9246 chunknumber 40500 contains 1877 sites
	-> Printing at chr: JASDQU010438352.1 pos:17558 chunknumber 40600 contains 10385 sites
	-> Printing at chr: JASDQU010438623.1 pos:6966 chunknumber 40700 contains 3913 sites
	-> Printing at chr: JASDQU010438974.1 pos:85074 chunknumber 40800 contains 197 sites
	-> Printing at chr: JASDQU010439299.1 pos:128297 chunknumber 40900 contains 277 sites
	-> Printing at chr: JASDQU010439618.1 pos:72874 chunknumber 41000 contains 417 sites
	-> Printing at chr: JASDQU010439892.1 pos:27370 chunknumber 41100 contains 3455 sites
	-> Printing at chr: JASDQU010440171.1 pos:51282 chunknumber 41200 contains 455 sites
	-> Printing at chr: JASDQU010441036.1 pos:2852 chunknumber 41300 contains 1050 sites
	-> Printing at chr: JASDQU010443479.1 pos:3360 chunknumber 41400 contains 1546 sites
	-> Printing at chr: JASDQU010452181.1 pos:739 chunknumber 41500 contains 321 sites
	-> Printing at chr: JASDQU010456960.1 pos:3755 chunknumber 41600 contains 511 sites
No data for chromoId=14386 chromoname=JASDQU010458620.1
This could either indicate that there really is no data for this chromosome
Or it could be problem with this program regSize=0 notDone=9
	-> Printing at chr: JASDQU010459158.1 pos:2105 chunknumber 41700 contains 1104 sites
	-> Printing at chr: JASDQU010461765.1 pos:1123 chunknumber 41800 contains 1707 sites
No data for chromoId=14456 chromoname=JASDQU010463160.1
This could either indicate that there really is no data for this chromosome
Or it could be problem with this program regSize=0 notDone=9
	-> Printing at chr: JASDQU010465228.1 pos:2714 chunknumber 41900 contains 2139 sites
	-> Printing at chr: JASDQU010467840.1 pos:25 chunknumber 42000 contains 2540 sites
No data for chromoId=14539 chromoname=JASDQU010468329.1
This could either indicate that there really is no data for this chromosome
Or it could be problem with this program regSize=0 notDone=9
	-> Printing at chr: JASDQU010469951.1 pos:5480 chunknumber 42100 contains 205 sites
	-> Printing at chr: JASDQU010472338.1 pos:1634 chunknumber 42200 contains 1537 sites
	-> Printing at chr: JASDQU010474469.1 pos:1195 chunknumber 42300 contains 1098 sites
	-> Printing at chr: JASDQU010477111.1 pos:2162 chunknumber 42400 contains 703 sites
No data for chromoId=14724 chromoname=JASDQU010478102.1
This could either indicate that there really is no data for this chromosome
Or it could be problem with this program regSize=0 notDone=9
	-> Printing at chr: JASDQU010480357.1 pos:3325 chunknumber 42500 contains 1215 sites
	-> Printing at chr: JASDQU010482921.1 pos:2272 chunknumber 42600 contains 1157 sites
	-> Printing at chr: JASDQU010485603.1 pos:8119 chunknumber 42700 contains 210 sites
	-> Printing at chr: JASDQU010488538.1 pos:7151 chunknumber 42800 contains 342 sites
	-> Printing at chr: JASDQU010491636.1 pos:7886 chunknumber 42900 contains 353 sites
No data for chromoId=14969 chromoname=JASDQU010494267.1
This could either indicate that there really is no data for this chromosome
Or it could be problem with this program regSize=0 notDone=9
	-> Printing at chr: JASDQU010494487.1 pos:3365 chunknumber 43000 contains 251 sites
No data for chromoId=14978 chromoname=JASDQU010494615.1
This could either indicate that there really is no data for this chromosome
Or it could be problem with this program regSize=0 notDone=9
	-> Printing at chr: JASDQU010497602.1 pos:2953 chunknumber 43100 contains 337 sites
	-> Printing at chr: JASDQU010500363.1 pos:3067 chunknumber 43200 contains 3121 sites
	-> Printing at chr: JASDQU010500708.1 pos:86100 chunknumber 43300 contains 62 sites
	-> Printing at chr: JASDQU010500998.1 pos:54147 chunknumber 43400 contains 653 sites
	-> Printing at chr: JASDQU010501281.1 pos:65294 chunknumber 43500 contains 2735 sites
	-> Printing at chr: JASDQU010501542.1 pos:2306 chunknumber 43600 contains 8142 sites
	-> Printing at chr: JASDQU010501741.1 pos:79428 chunknumber 43700 contains 911 sites
	-> Printing at chr: JASDQU010501974.1 pos:70826 chunknumber 43800 contains 251 sites
	-> Printing at chr: JASDQU010502421.1 pos:13 chunknumber 43900 contains 596 sites
	-> Printing at chr: JASDQU010502714.1 pos:73913 chunknumber 44000 contains 375 sites
	-> Printing at chr: JASDQU010503026.1 pos:56061 chunknumber 44100 contains 153 sites
	-> Printing at chr: JASDQU010503353.1 pos:98154 chunknumber 44200 contains 1293 sites
	-> Printing at chr: JASDQU010503607.1 pos:114834 chunknumber 44300 contains 3489 sites
	-> Printing at chr: JASDQU010503848.1 pos:180904 chunknumber 44400 contains 417 sites
	-> Printing at chr: JASDQU010504156.1 pos:77112 chunknumber 44500 contains 339 sites
	-> Printing at chr: JASDQU010504420.1 pos:30256 chunknumber 44600 contains 278 sites
	-> Printing at chr: JASDQU010504681.1 pos:22305 chunknumber 44700 contains 841 sites
No data for chromoId=15606 chromoname=JASDQU010504811.1
This could either indicate that there really is no data for this chromosome
Or it could be problem with this program regSize=0 notDone=9
	-> Printing at chr: JASDQU010504941.1 pos:93918 chunknumber 44800 contains 637 sites
	-> Printing at chr: JASDQU010505588.1 pos:3582 chunknumber 44900 contains 875 sites
	-> Printing at chr: JASDQU010506027.1 pos:1092 chunknumber 45000 contains 909 sites
	-> Printing at chr: JASDQU010506403.1 pos:29670 chunknumber 45100 contains 1533 sites
	-> Printing at chr: JASDQU010506733.1 pos:2050 chunknumber 45200 contains 3226 sites
	-> Printing at chr: JASDQU010507161.1 pos:49850 chunknumber 45300 contains 417 sites
	-> Printing at chr: JASDQU010507650.1 pos:27296 chunknumber 45400 contains 1061 sites
	-> Printing at chr: JASDQU010508046.1 pos:11711 chunknumber 45500 contains 3426 sites
	-> Printing at chr: JASDQU010508314.1 pos:25385 chunknumber 45600 contains 664 sites
	-> Printing at chr: JASDQU010508697.1 pos:1286 chunknumber 45700 contains 4406 sites
	-> Printing at chr: JASDQU010509125.1 pos:820 chunknumber 45800 contains 443 sites
	-> Printing at chr: JASDQU010509461.1 pos:140956 chunknumber 45900 contains 234 sites
	-> Printing at chr: JASDQU010509897.1 pos:52852 chunknumber 46000 contains 480 sites
	-> Printing at chr: JASDQU010515208.1 pos:5357 chunknumber 46100 contains 447 sites
	-> Printing at chr: JASDQU010516564.1 pos:5133 chunknumber 46200 contains 551 sites
	-> Printing at chr: JASDQU010519740.1 pos:4096 chunknumber 46300 contains 873 sites
No data for chromoId=16183 chromoname=JASDQU010521045.1
This could either indicate that there really is no data for this chromosome
Or it could be problem with this program regSize=0 notDone=9
	-> Printing at chr: JASDQU010522930.1 pos:2364 chunknumber 46400 contains 3024 sites
	-> Printing at chr: JASDQU010525829.1 pos:6409 chunknumber 46500 contains 170 sites
	-> Printing at chr: JASDQU010528450.1 pos:2142 chunknumber 46600 contains 621 sites
No data for chromoId=16329 chromoname=JASDQU010530814.1
This could either indicate that there really is no data for this chromosome
Or it could be problem with this program regSize=0 notDone=9
	-> Printing at chr: JASDQU010532334.1 pos:3514 chunknumber 46700 contains 751 sites
	-> Printing at chr: JASDQU010535979.1 pos:10653 chunknumber 46800 contains 276 sites
No data for chromoId=16444 chromoname=JASDQU010539267.1
This could either indicate that there really is no data for this chromosome
Or it could be problem with this program regSize=0 notDone=9
	-> Printing at chr: JASDQU010539451.1 pos:1743 chunknumber 46900 contains 441 sites
No data for chromoId=16481 chromoname=JASDQU010542996.1
This could either indicate that there really is no data for this chromosome
Or it could be problem with this program regSize=0 notDone=9
	-> Printing at chr: JASDQU010543919.1 pos:4354 chunknumber 47000 contains 475 sites
No data for chromoId=16501 chromoname=JASDQU010544225.1
This could either indicate that there really is no data for this chromosome
Or it could be problem with this program regSize=0 notDone=9
	-> Printing at chr: JASDQU010546882.1 pos:5777 chunknumber 47100 contains 139 sites
	-> Printing at chr: JASDQU010550622.1 pos:4385 chunknumber 47200 contains 1124 sites
	-> Printing at chr: JASDQU010553557.1 pos:3124 chunknumber 47300 contains 231 sites
	-> Printing at chr: JASDQU010557582.1 pos:5144 chunknumber 47400 contains 842 sites
	-> Printing at chr: JASDQU010560140.1 pos:70208 chunknumber 47500 contains 417 sites
	-> Printing at chr: JASDQU010565894.1 pos:1963 chunknumber 47600 contains 81 sites
No data for chromoId=16775 chromoname=JASDQU010566725.1
This could either indicate that there really is no data for this chromosome
Or it could be problem with this program regSize=0 notDone=9
No data for chromoId=16806 chromoname=JASDQU010571014.1
This could either indicate that there really is no data for this chromosome
Or it could be problem with this program regSize=0 notDone=9
	-> Printing at chr: JASDQU010571980.1 pos:6271 chunknumber 47700 contains 157 sites
	-> Printing at chr: JASDQU010576074.1 pos:2577 chunknumber 47800 contains 972 sites
	-> Printing at chr: JASDQU010578858.1 pos:5946 chunknumber 47900 contains 390 sites
	-> Printing at chr: JASDQU010585395.1 pos:111686 chunknumber 48000 contains 695 sites
	-> Printing at chr: JASDQU010585702.1 pos:28537 chunknumber 48100 contains 158 sites
	-> Printing at chr: JASDQU010585914.1 pos:1 chunknumber 48200 contains 53 sites
	-> Printing at chr: JASDQU010586036.1 pos:64629 chunknumber 48300 contains 169 sites
	-> Printing at chr: JASDQU010586299.1 pos:27716 chunknumber 48400 contains 469 sites
	-> Printing at chr: JASDQU010586642.1 pos:36473 chunknumber 48500 contains 158 sites
	-> Printing at chr: JASDQU010587017.1 pos:41697 chunknumber 48600 contains 958 sites
	-> Printing at chr: JASDQU010587279.1 pos:25378 chunknumber 48700 contains 648 sites
	-> Printing at chr: JASDQU010587652.1 pos:4554 chunknumber 48800 contains 1310 sites
	-> Printing at chr: JASDQU010587976.1 pos:35673 chunknumber 48900 contains 159 sites
No data for chromoId=17258 chromoname=JASDQU010588033.1
This could either indicate that there really is no data for this chromosome
Or it could be problem with this program regSize=0 notDone=9
	-> Printing at chr: JASDQU010588355.1 pos:7812 chunknumber 49000 contains 994 sites
	-> Printing at chr: JASDQU010588717.1 pos:76304 chunknumber 49100 contains 186 sites
	-> Printing at chr: JASDQU010588996.1 pos:86192 chunknumber 49200 contains 5336 sites
	-> Printing at chr: JASDQU010589368.1 pos:30 chunknumber 49300 contains 3372 sites
	-> Printing at chr: JASDQU010589725.1 pos:20827 chunknumber 49400 contains 1192 sites
	-> Printing at chr: JASDQU010589941.1 pos:94992 chunknumber 49500 contains 2667 sites
	-> Printing at chr: JASDQU010590154.1 pos:77072 chunknumber 49600 contains 295 sites
	-> Printing at chr: JASDQU010592118.1 pos:3184 chunknumber 49700 contains 1063 sites
No data for chromoId=17578 chromoname=JASDQU010595028.1
This could either indicate that there really is no data for this chromosome
Or it could be problem with this program regSize=0 notDone=9
	-> Printing at chr: JASDQU010595995.1 pos:2094 chunknumber 49800 contains 1070 sites
	-> Printing at chr: JASDQU010600180.1 pos:3530 chunknumber 49900 contains 1609 sites
	-> Printing at chr: JASDQU010604341.1 pos:3602 chunknumber 50000 contains 623 sites
	-> Printing at chr: JASDQU010608473.1 pos:9106 chunknumber 50100 contains 617 sites
No data for chromoId=17748 chromoname=JASDQU010609454.1
This could either indicate that there really is no data for this chromosome
Or it could be problem with this program regSize=0 notDone=9
	-> Printing at chr: JASDQU010613575.1 pos:1519 chunknumber 50200 contains 823 sites
No data for chromoId=17831 chromoname=JASDQU010616786.1
This could either indicate that there really is no data for this chromosome
Or it could be problem with this program regSize=0 notDone=9
	-> Printing at chr: JASDQU010617581.1 pos:3683 chunknumber 50300 contains 243 sites
No data for chromoId=17866 chromoname=JASDQU010620017.1
This could either indicate that there really is no data for this chromosome
Or it could be problem with this program regSize=0 notDone=9
	-> Printing at chr: JASDQU010621861.1 pos:2952 chunknumber 50400 contains 1567 sites
	-> Printing at chr: JASDQU010625220.1 pos:4030 chunknumber 50500 contains 278 sites
No data for chromoId=17942 chromoname=JASDQU010625825.1
This could either indicate that there really is no data for this chromosome
Or it could be problem with this program regSize=0 notDone=9
	-> Printing at chr: JASDQU010631671.1 pos:764 chunknumber 50600 contains 962 sites
No data for chromoId=18031 chromoname=JASDQU010637395.1
This could either indicate that there really is no data for this chromosome
Or it could be problem with this program regSize=0 notDone=9
	-> Printing at chr: JASDQU010637669.1 pos:3336 chunknumber 50700 contains 267 sites
	-> Printing at chr: JASDQU010645395.1 pos:2828 chunknumber 50800 contains 691 sites
No data for chromoId=18087 chromoname=JASDQU010645939.1
This could either indicate that there really is no data for this chromosome
Or it could be problem with this program regSize=0 notDone=9
	-> Printing at chr: JASDQU010652791.1 pos:10 chunknumber 50900 contains 554 sites
No data for chromoId=18142 chromoname=JASDQU010655607.1
This could either indicate that there really is no data for this chromosome
Or it could be problem with this program regSize=0 notDone=9
	-> Printing at chr: JASDQU010659846.1 pos:3215 chunknumber 51000 contains 151 sites
No data for chromoId=18183 chromoname=JASDQU010660920.1
This could either indicate that there really is no data for this chromosome
Or it could be problem with this program regSize=0 notDone=9
	-> Printing at chr: JASDQU010666373.1 pos:411 chunknumber 51100 contains 1826 sites
	-> Printing at chr: JASDQU010674148.1 pos:3369 chunknumber 51200 contains 160 sites
	-> Printing at chr: JASDQU010679202.1 pos:40 chunknumber 51300 contains 789 sites
	-> Printing at chr: JASDQU010680524.1 pos:2435 chunknumber 51400 contains 3874 sites
	-> Printing at chr: JASDQU010680770.1 pos:75443 chunknumber 51500 contains 2367 sites
	-> Printing at chr: JASDQU010681096.1 pos:1535 chunknumber 51600 contains 2158 sites
	-> Printing at chr: JASDQU010681329.1 pos:35933 chunknumber 51700 contains 701 sites
	-> Printing at chr: JASDQU010681531.1 pos:1872 chunknumber 51800 contains 1935 sites
	-> Printing at chr: JASDQU010681852.1 pos:55989 chunknumber 51900 contains 201 sites
No data for chromoId=18550 chromoname=JASDQU010682043.1
This could either indicate that there really is no data for this chromosome
Or it could be problem with this program regSize=0 notDone=9
	-> Printing at chr: JASDQU010682044.1 pos:25486 chunknumber 52000 contains 2755 sites
	-> Printing at chr: JASDQU010682362.1 pos:99784 chunknumber 52100 contains 182 sites
	-> Printing at chr: JASDQU010682625.1 pos:11470 chunknumber 52200 contains 6119 sites
	-> Printing at chr: JASDQU010682860.1 pos:34426 chunknumber 52300 contains 3337 sites
	-> Printing at chr: JASDQU010683291.1 pos:36292 chunknumber 52400 contains 338 sites
	-> Printing at chr: JASDQU010683645.1 pos:74304 chunknumber 52500 contains 1073 sites
	-> Printing at chr: JASDQU010684053.1 pos:15496 chunknumber 52600 contains 3733 sites
	-> Printing at chr: JASDQU010684393.1 pos:163074 chunknumber 52700 contains 636 sites
	-> Printing at chr: JASDQU010684749.1 pos:50881 chunknumber 52800 contains 259 sites
	-> Printing at chr: JASDQU010685249.1 pos:27247 chunknumber 52900 contains 494 sites
	-> Printing at chr: JASDQU010685562.1 pos:2875 chunknumber 53000 contains 1258 sites
	-> Printing at chr: JASDQU010685988.1 pos:21431 chunknumber 53100 contains 2534 sites
	-> Printing at chr: JASDQU010686332.1 pos:15292 chunknumber 53200 contains 556 sites
	-> Printing at chr: JASDQU010686646.1 pos:36437 chunknumber 53300 contains 622 sites
	-> Printing at chr: JASDQU010687047.1 pos:79547 chunknumber 53400 contains 404 sites
	-> Printing at chr: JASDQU010687393.1 pos:20627 chunknumber 53500 contains 1950 sites
	-> Printing at chr: JASDQU010687696.1 pos:4939 chunknumber 53600 contains 3282 sites
	-> Printing at chr: JASDQU010687977.1 pos:45804 chunknumber 53700 contains 1311 sites
	-> Printing at chr: JASDQU010688455.1 pos:44289 chunknumber 53800 contains 971 sites
	-> Printing at chr: JASDQU010688886.1 pos:25253 chunknumber 53900 contains 1629 sites
	-> Printing at chr: JASDQU010689218.1 pos:68937 chunknumber 54000 contains 278 sites
	-> Printing at chr: JASDQU010689634.1 pos:70748 chunknumber 54100 contains 102 sites
	-> Printing at chr: JASDQU010689976.1 pos:11337 chunknumber 54200 contains 5255 sites
No data for chromoId=19380 chromoname=JASDQU010692847.1
This could either indicate that there really is no data for this chromosome
Or it could be problem with this program regSize=0 notDone=9
	-> Printing at chr: JASDQU010693929.1 pos:636 chunknumber 54300 contains 768 sites
	-> Printing at chr: JASDQU010702513.1 pos:593 chunknumber 54400 contains 1008 sites
	-> Printing at chr: JASDQU010710077.1 pos:1921 chunknumber 54500 contains 5444 sites
	-> Printing at chr: JASDQU010710690.1 pos:42267 chunknumber 54600 contains 1700 sites
	-> Printing at chr: JASDQU010711362.1 pos:3482 chunknumber 54700 contains 3705 sites
	-> Printing at chr: JASDQU010711907.1 pos:8301 chunknumber 54800 contains 3565 sites
	-> Printing at chr: JASDQU010712406.1 pos:1117 chunknumber 54900 contains 2389 sites
	-> Printing at chr: JASDQU010713130.1 pos:4904 chunknumber 55000 contains 2023 sites
	-> Printing at chr: JASDQU010713858.1 pos:10182 chunknumber 55100 contains 2144 sites
	-> Printing at chr: JASDQU010714392.1 pos:672 chunknumber 55200 contains 1481 sites
	-> Printing at chr: JASDQU010714887.1 pos:22987 chunknumber 55300 contains 556 sites
No data for chromoId=19801 chromoname=JASDQU010717014.1
This could either indicate that there really is no data for this chromosome
Or it could be problem with this program regSize=0 notDone=9
No data for chromoId=19819 chromoname=JASDQU010719962.1
This could either indicate that there really is no data for this chromosome
Or it could be problem with this program regSize=0 notDone=9
	-> Printing at chr: JASDQU010722178.1 pos:2183 chunknumber 55400 contains 417 sites
No data for chromoId=19863 chromoname=JASDQU010728627.1
This could either indicate that there really is no data for this chromosome
Or it could be problem with this program regSize=0 notDone=9
	-> Printing at chr: JASDQU010732048.1 pos:154 chunknumber 55500 contains 1073 sites
	-> Printing at chr: JASDQU010735272.1 pos:19676 chunknumber 55600 contains 12810 sites
	-> Printing at chr: JASDQU010735359.1 pos:71507 chunknumber 55700 contains 320 sites
	-> Printing at chr: JASDQU010735454.1 pos:3687 chunknumber 55800 contains 15223 sites
	-> Printing at chr: JASDQU010735536.1 pos:322119 chunknumber 55900 contains 708 sites
	-> Printing at chr: JASDQU010735626.1 pos:63491 chunknumber 56000 contains 8078 sites
	-> Printing at chr: JASDQU010735714.1 pos:31901 chunknumber 56100 contains 12795 sites
	-> Printing at chr: JASDQU010735812.1 pos:7972 chunknumber 56200 contains 17333 sites
	-> Printing at chr: JASDQU010735888.1 pos:433923 chunknumber 56300 contains 1016 sites
	-> Printing at chr: JASDQU010735975.1 pos:73937 chunknumber 56400 contains 11724 sites
	-> Printing at chr: JASDQU010736048.1 pos:3236 chunknumber 56500 contains 24766 sites
	-> Printing at chr: JASDQU010736136.1 pos:984971 chunknumber 56600 contains 597 sites
	-> Printing at chr: JASDQU010736195.1 pos:182714 chunknumber 56700 contains 17235 sites
	-> Printing at chr: JASDQU010736290.1 pos:114193 chunknumber 56800 contains 539 sites
	-> Printing at chr: JASDQU010736354.1 pos:353408 chunknumber 56900 contains 939 sites
	-> Printing at chr: JASDQU010736433.1 pos:205576 chunknumber 57000 contains 739 sites
	-> Printing at chr: JASDQU010736505.1 pos:655 chunknumber 57100 contains 16156 sites
	-> Printing at chr: JASDQU010736616.1 pos:125294 chunknumber 57200 contains 2392 sites
	-> Printing at chr: JASDQU010736693.1 pos:5956 chunknumber 57300 contains 312 sites
	-> Printing at chr: JASDQU010736784.1 pos:5012 chunknumber 57400 contains 4685 sites
	-> Printing at chr: JASDQU010736862.1 pos:42278 chunknumber 57500 contains 1219 sites
	-> Printing at chr: JASDQU010736968.1 pos:31381 chunknumber 57600 contains 6744 sites
	-> Printing at chr: JASDQU010737062.1 pos:190828 chunknumber 57700 contains 3532 sites
	-> Printing at chr: JASDQU010737184.1 pos:209311 chunknumber 57800 contains 530 sites
	-> Printing at chr: JASDQU010737290.1 pos:286800 chunknumber 57900 contains 638 sites
	-> Printing at chr: JASDQU010737372.1 pos:401988 chunknumber 58000 contains 1500 sites
	-> Printing at chr: JASDQU010737474.1 pos:2989 chunknumber 58100 contains 2896 sites
	-> Printing at chr: JASDQU010737551.1 pos:95988 chunknumber 58200 contains 1026 sites
	-> Printing at chr: JASDQU010737656.1 pos:149503 chunknumber 58300 contains 1688 sites
	-> Printing at chr: JASDQU010737739.1 pos:13213 chunknumber 58400 contains 9823 sites
	-> Printing at chr: JASDQU010737839.1 pos:685 chunknumber 58500 contains 8380 sites
	-> Printing at chr: JASDQU010737929.1 pos:362273 chunknumber 58600 contains 1149 sites
	-> Printing at chr: JASDQU010738020.1 pos:373849 chunknumber 58700 contains 5420 sites
	-> Printing at chr: JASDQU010738113.1 pos:110840 chunknumber 58800 contains 2523 sites
	-> Printing at chr: JASDQU010738279.1 pos:210643 chunknumber 58900 contains 621 sites
	-> Printing at chr: JASDQU010738398.1 pos:427614 chunknumber 59000 contains 688 sites
	-> Printing at chr: JASDQU010738479.1 pos:317036 chunknumber 59100 contains 330 sites
	-> Printing at chr: JASDQU010738573.1 pos:262155 chunknumber 59200 contains 7053 sites
	-> Printing at chr: JASDQU010738677.1 pos:11378 chunknumber 59300 contains 9974 sites
	-> Printing at chr: JASDQU010738741.1 pos:107603 chunknumber 59400 contains 708 sites
	-> Printing at chr: JASDQU010738841.1 pos:130397 chunknumber 59500 contains 142 sites
	-> Printing at chr: JASDQU010738910.1 pos:15443 chunknumber 59600 contains 13460 sites
	-> Printing at chr: JASDQU010739005.1 pos:330863 chunknumber 59700 contains 7725 sites
	-> Printing at chr: JASDQU010739104.1 pos:181601 chunknumber 59800 contains 690 sites
	-> Printing at chr: JASDQU010739171.1 pos:102281 chunknumber 59900 contains 1740 sites
	-> Printing at chr: JASDQU010739270.1 pos:320585 chunknumber 60000 contains 325 sites
	-> Printing at chr: JASDQU010739373.1 pos:169605 chunknumber 60100 contains 14342 sites
	-> Printing at chr: JASDQU010739441.1 pos:415785 chunknumber 60200 contains 2423 sites
	-> Printing at chr: JASDQU010739538.1 pos:19397 chunknumber 60300 contains 4382 sites
	-> Printing at chr: JASDQU010739670.1 pos:295116 chunknumber 60400 contains 1766 sites
	-> Printing at chr: JASDQU010739773.1 pos:240188 chunknumber 60500 contains 902 sites
	-> Printing at chr: JASDQU010739881.1 pos:177814 chunknumber 60600 contains 164 sites
	-> Printing at chr: JASDQU010739997.1 pos:8384 chunknumber 60700 contains 2367 sites
	-> Printing at chr: JASDQU010747612.1 pos:2151 chunknumber 60800 contains 80 sites
	-> Printing at chr: JASDQU010750437.1 pos:96315 chunknumber 60900 contains 1457 sites
	-> Printing at chr: JASDQU010750987.1 pos:54704 chunknumber 61000 contains 1674 sites
	-> Printing at chr: JASDQU010751357.1 pos:53662 chunknumber 61100 contains 217 sites
	-> Printing at chr: JASDQU010751972.1 pos:16650 chunknumber 61200 contains 4380 sites
	-> Printing at chr: JASDQU010752301.1 pos:6993 chunknumber 61300 contains 1146 sites
	-> Printing at chr: JASDQU010752786.1 pos:40161 chunknumber 61400 contains 575 sites
	-> Printing at chr: JASDQU010753224.1 pos:10900 chunknumber 61500 contains 2119 sites
	-> Printing at chr: JASDQU010753755.1 pos:31778 chunknumber 61600 contains 2558 sites
	-> Printing at chr: JASDQU010754024.1 pos:38346 chunknumber 61700 contains 221 sites
	-> Printing at chr: JASDQU010754472.1 pos:73980 chunknumber 61800 contains 1448 sites
	-> Printing at chr: JASDQU010754981.1 pos:5224 chunknumber 61900 contains 639 sites
	-> Printing at chr: JASDQU010758237.1 pos:36 chunknumber 62000 contains 267 sites
No data for chromoId=21870 chromoname=JASDQU010760977.1
This could either indicate that there really is no data for this chromosome
Or it could be problem with this program regSize=0 notDone=9
	-> Printing at chr: JASDQU010767443.1 pos:2083 chunknumber 62100 contains 182 sites
No data for chromoId=21950 chromoname=JASDQU010779201.1
This could either indicate that there really is no data for this chromosome
Or it could be problem with this program regSize=0 notDone=9
	-> Printing at chr: JASDQU010780510.1 pos:2310 chunknumber 62200 contains 405 sites
No data for chromoId=21964 chromoname=JASDQU010781907.1
This could either indicate that there really is no data for this chromosome
Or it could be problem with this program regSize=0 notDone=9
No data for chromoId=21967 chromoname=JASDQU010782647.1
This could either indicate that there really is no data for this chromosome
Or it could be problem with this program regSize=0 notDone=9
No data for chromoId=21969 chromoname=JASDQU010782718.1
This could either indicate that there really is no data for this chromosome
Or it could be problem with this program regSize=0 notDone=9
	-> Printing at chr: JASDQU010790051.1 pos:7591 chunknumber 62300 contains 3439 sites
	-> Printing at chr: JASDQU010790161.1 pos:95737 chunknumber 62400 contains 1345 sites
	-> Printing at chr: JASDQU010790856.1 pos:4237 chunknumber 62500 contains 1224 sites
	-> Printing at chr: JASDQU010794270.1 pos:3369 chunknumber 62600 contains 656 sites
	-> Printing at chr: JASDQU010801640.1 pos:3565 chunknumber 62700 contains 136 sites
	-> Printing at chr: JASDQU010810697.1 pos:1799 chunknumber 62800 contains 776 sites
No data for chromoId=22239 chromoname=JASDQU010814669.1
This could either indicate that there really is no data for this chromosome
Or it could be problem with this program regSize=0 notDone=9
	-> Printing at chr: JASDQU010815413.1 pos:2008 chunknumber 62900 contains 4417 sites
	-> Printing at chr: JASDQU010815811.1 pos:3018 chunknumber 63000 contains 2898 sites
No data for chromoId=22303 chromoname=JASDQU010815891.1
This could either indicate that there really is no data for this chromosome
Or it could be problem with this program regSize=0 notDone=9
	-> Printing at chr: JASDQU010816255.1 pos:64802 chunknumber 63100 contains 278 sites
	-> Printing at chr: JASDQU010816579.1 pos:31499 chunknumber 63200 contains 1107 sites
	-> Printing at chr: JASDQU010816969.1 pos:34631 chunknumber 63300 contains 220 sites
	-> Printing at chr: JASDQU010817390.1 pos:11036 chunknumber 63400 contains 3965 sites
	-> Printing at chr: JASDQU010817810.1 pos:2501 chunknumber 63500 contains 2775 sites
	-> Printing at chr: JASDQU010818117.1 pos:46665 chunknumber 63600 contains 48 sites
	-> Printing at chr: JASDQU010818450.1 pos:44554 chunknumber 63700 contains 227 sites
	-> Printing at chr: JASDQU010818790.1 pos:43412 chunknumber 63800 contains 419 sites
	-> Printing at chr: JASDQU010819168.1 pos:109 chunknumber 63900 contains 1102 sites
	-> Printing at chr: JASDQU010819536.1 pos:2181 chunknumber 64000 contains 2617 sites
	-> Printing at chr: JASDQU010819856.1 pos:31273 chunknumber 64100 contains 942 sites
No data for chromoId=22722 chromoname=JASDQU010821803.1
This could either indicate that there really is no data for this chromosome
Or it could be problem with this program regSize=0 notDone=9
No data for chromoId=22724 chromoname=JASDQU010822036.1
This could either indicate that there really is no data for this chromosome
Or it could be problem with this program regSize=0 notDone=9
	-> Printing at chr: JASDQU010825029.1 pos:2135 chunknumber 64200 contains 229 sites
No data for chromoId=22753 chromoname=JASDQU010830806.1
This could either indicate that there really is no data for this chromosome
Or it could be problem with this program regSize=0 notDone=9
No data for chromoId=22763 chromoname=JASDQU010836038.1
This could either indicate that there really is no data for this chromosome
Or it could be problem with this program regSize=0 notDone=9
	-> Printing at chr: JASDQU010841921.1 pos:1814 chunknumber 64300 contains 139 sites
No data for chromoId=22826 chromoname=JASDQU010846094.1
This could either indicate that there really is no data for this chromosome
Or it could be problem with this program regSize=0 notDone=9
	-> Printing at chr: JASDQU010847516.1 pos:4285 chunknumber 64400 contains 1129 sites
No data for chromoId=22854 chromoname=JASDQU010847946.1
This could either indicate that there really is no data for this chromosome
Or it could be problem with this program regSize=0 notDone=9
	-> Printing at chr: JASDQU010852662.1 pos:3295 chunknumber 64500 contains 144 sites
	-> Printing at chr: JASDQU010864940.1 pos:475 chunknumber 64600 contains 1114 sites
No data for chromoId=22960 chromoname=JASDQU010867325.1
This could either indicate that there really is no data for this chromosome
Or it could be problem with this program regSize=0 notDone=9
	-> Printing at chr: JASDQU010873793.1 pos:2436 chunknumber 64700 contains 316 sites
	-> Printing at chr: JASDQU010880445.1 pos:11456 chunknumber 64800 contains 1530 sites
	-> Printing at chr: JASDQU010880975.1 pos:2677 chunknumber 64900 contains 2151 sites
	-> Printing at chr: JASDQU010881417.1 pos:42982 chunknumber 65000 contains 389 sites
	-> Printing at chr: JASDQU010881974.1 pos:62240 chunknumber 65100 contains 275 sites
	-> Printing at chr: JASDQU010882349.1 pos:3217 chunknumber 65200 contains 4104 sites
	-> Printing at chr: JASDQU010882730.1 pos:5418 chunknumber 65300 contains 2028 sites
	-> Printing at chr: JASDQU010883174.1 pos:51824 chunknumber 65400 contains 462 sites
	-> Printing at chr: JASDQU010883560.1 pos:99200 chunknumber 65500 contains 90 sites
	-> Printing at chr: JASDQU010883985.1 pos:28731 chunknumber 65600 contains 409 sites
	-> Printing at chr: JASDQU010884623.1 pos:42400 chunknumber 65700 contains 50 sites
	-> Printing at chr: JASDQU010885001.1 pos:3577 chunknumber 65800 contains 2803 sites
No data for chromoId=23419 chromoname=JASDQU010885041.1
This could either indicate that there really is no data for this chromosome
Or it could be problem with this program regSize=0 notDone=9
	-> Printing at chr: JASDQU010893780.1 pos:1149 chunknumber 65900 contains 283 sites
No data for chromoId=23501 chromoname=JASDQU010901178.1
This could either indicate that there really is no data for this chromosome
Or it could be problem with this program regSize=0 notDone=9
	-> Printing at chr: JASDQU010901642.1 pos:3194 chunknumber 66000 contains 1451 sites
	-> Printing at chr: JASDQU010909100.1 pos:399 chunknumber 66100 contains 343 sites
No data for chromoId=23597 chromoname=JASDQU010917569.1
This could either indicate that there really is no data for this chromosome
Or it could be problem with this program regSize=0 notDone=9
	-> Printing at chr: JASDQU010922573.1 pos:2804 chunknumber 66200 contains 161 sites
	-> Printing at chr: JASDQU010937565.1 pos:905 chunknumber 66300 contains 408 sites
No data for chromoId=23668 chromoname=JASDQU010937640.1
This could either indicate that there really is no data for this chromosome
Or it could be problem with this program regSize=0 notDone=9
	-> Printing at chr: JASDQU010945187.1 pos:22465 chunknumber 66400 contains 1146 sites
	-> Printing at chr: JASDQU010945712.1 pos:33982 chunknumber 66500 contains 158 sites
	-> Printing at chr: JASDQU010946188.1 pos:44161 chunknumber 66600 contains 405 sites
	-> Printing at chr: JASDQU010946719.1 pos:25972 chunknumber 66700 contains 1374 sites
	-> Printing at chr: JASDQU010947271.1 pos:76902 chunknumber 66800 contains 357 sites
	-> Printing at chr: JASDQU010947613.1 pos:67 chunknumber 66900 contains 248 sites
	-> Printing at chr: JASDQU010948032.1 pos:5422 chunknumber 67000 contains 1600 sites
	-> Printing at chr: JASDQU010948485.1 pos:18973 chunknumber 67100 contains 441 sites
	-> Printing at chr: JASDQU010949103.1 pos:21527 chunknumber 67200 contains 556 sites
	-> Printing at chr: JASDQU010949664.1 pos:49791 chunknumber 67300 contains 619 sites
	-> Printing at chr: JASDQU010953877.1 pos:3 chunknumber 67400 contains 135 sites
No data for chromoId=24106 chromoname=JASDQU010955659.1
This could either indicate that there really is no data for this chromosome
Or it could be problem with this program regSize=0 notDone=9
	-> Printing at chr: JASDQU010958412.1 pos:3813 chunknumber 67500 contains 1021 sites
No data for chromoId=24161 chromoname=JASDQU010960006.1
This could either indicate that there really is no data for this chromosome
Or it could be problem with this program regSize=0 notDone=9
	-> Printing at chr: JASDQU010964313.1 pos:1412 chunknumber 67600 contains 142 sites
No data for chromoId=24213 chromoname=JASDQU010967028.1
This could either indicate that there really is no data for this chromosome
Or it could be problem with this program regSize=0 notDone=9
No data for chromoId=24214 chromoname=JASDQU010967159.1
This could either indicate that there really is no data for this chromosome
Or it could be problem with this program regSize=0 notDone=9
	-> Printing at chr: JASDQU010975913.1 pos:2486 chunknumber 67700 contains 209 sites
No data for chromoId=24274 chromoname=JASDQU010980217.1
This could either indicate that there really is no data for this chromosome
Or it could be problem with this program regSize=0 notDone=9
No data for chromoId=24282 chromoname=JASDQU010982888.1
This could either indicate that there really is no data for this chromosome
Or it could be problem with this program regSize=0 notDone=9
	-> Printing at chr: JASDQU010989194.1 pos:1920 chunknumber 67800 contains 278 sites
No data for chromoId=24317 chromoname=JASDQU010993078.1
This could either indicate that there really is no data for this chromosome
Or it could be problem with this program regSize=0 notDone=9
	-> Printing at chr: JASDQU011003366.1 pos:2574 chunknumber 67900 contains 177 sites
	-> Printing at chr: JASDQU011012608.1 pos:4895 chunknumber 68000 contains 387 sites
	-> Printing at chr: JASDQU011025171.1 pos:46847 chunknumber 68100 contains 2258 sites
	-> Printing at chr: JASDQU011025621.1 pos:4259 chunknumber 68200 contains 5304 sites
	-> Printing at chr: JASDQU011026059.1 pos:19181 chunknumber 68300 contains 143 sites
	-> Printing at chr: JASDQU011026568.1 pos:30161 chunknumber 68400 contains 258 sites
	-> Printing at chr: JASDQU011026839.1 pos:36795 chunknumber 68500 contains 1087 sites
No data for chromoId=24624 chromoname=JASDQU011026948.1
This could either indicate that there really is no data for this chromosome
Or it could be problem with this program regSize=0 notDone=9
	-> Printing at chr: JASDQU011027295.1 pos:1864 chunknumber 68600 contains 1047 sites
	-> Printing at chr: JASDQU011027665.1 pos:1891 chunknumber 68700 contains 3659 sites
No data for chromoId=24701 chromoname=JASDQU011027766.1
This could either indicate that there really is no data for this chromosome
Or it could be problem with this program regSize=0 notDone=9
	-> Printing at chr: JASDQU011027992.1 pos:58788 chunknumber 68800 contains 516 sites
No data for chromoId=24747 chromoname=JASDQU011028299.1
This could either indicate that there really is no data for this chromosome
Or it could be problem with this program regSize=0 notDone=9
	-> Printing at chr: JASDQU011028533.1 pos:7228 chunknumber 68900 contains 5795 sites
	-> Printing at chr: JASDQU011028932.1 pos:47953 chunknumber 69000 contains 756 sites
	-> Printing at chr: JASDQU011029372.1 pos:28884 chunknumber 69100 contains 858 sites
	-> Printing at chr: JASDQU011030008.1 pos:13541 chunknumber 69200 contains 433 sites
No data for chromoId=24884 chromoname=JASDQU011032040.1
This could either indicate that there really is no data for this chromosome
Or it could be problem with this program regSize=0 notDone=9
No data for chromoId=24887 chromoname=JASDQU011032611.1
This could either indicate that there really is no data for this chromosome
Or it could be problem with this program regSize=0 notDone=9
No data for chromoId=24914 chromoname=JASDQU011038413.1
This could either indicate that there really is no data for this chromosome
Or it could be problem with this program regSize=0 notDone=9
	-> Printing at chr: JASDQU011038776.1 pos:4 chunknumber 69300 contains 928 sites
No data for chromoId=24952 chromoname=JASDQU011046725.1
This could either indicate that there really is no data for this chromosome
Or it could be problem with this program regSize=0 notDone=9
No data for chromoId=24966 chromoname=JASDQU011050325.1
This could either indicate that there really is no data for this chromosome
Or it could be problem with this program regSize=0 notDone=9
	-> Printing at chr: JASDQU011051509.1 pos:12 chunknumber 69400 contains 139 sites
	-> Printing at chr: JASDQU011069347.1 pos:676 chunknumber 69500 contains 24 sites
	-> Printing at chr: JASDQU011077377.1 pos:834 chunknumber 69600 contains 767 sites
No data for chromoId=25108 chromoname=JASDQU011086357.1
This could either indicate that there really is no data for this chromosome
Or it could be problem with this program regSize=0 notDone=9
	-> Printing at chr: JASDQU011098775.1 pos:503 chunknumber 69700 contains 277 sites
	-> Printing at chr: JASDQU011100639.1 pos:23275 chunknumber 69800 contains 655 sites
	-> Printing at chr: JASDQU011101164.1 pos:1070 chunknumber 69900 contains 439 sites
	-> Printing at chr: JASDQU011101602.1 pos:27642 chunknumber 70000 contains 278 sites
	-> Printing at chr: JASDQU011102201.1 pos:14566 chunknumber 70100 contains 417 sites
	-> Printing at chr: JASDQU011102750.1 pos:8426 chunknumber 70200 contains 1689 sites
	-> Printing at chr: JASDQU011103404.1 pos:20948 chunknumber 70300 contains 690 sites
	-> Printing at chr: JASDQU011104013.1 pos:21486 chunknumber 70400 contains 1217 sites
	-> Printing at chr: JASDQU011104605.1 pos:44755 chunknumber 70500 contains 985 sites
No data for chromoId=25481 chromoname=JASDQU011105081.1
This could either indicate that there really is no data for this chromosome
Or it could be problem with this program regSize=0 notDone=9
	-> Printing at chr: JASDQU011108925.1 pos:1 chunknumber 70600 contains 629 sites
	-> Printing at chr: JASDQU011124889.1 pos:1355 chunknumber 70700 contains 326 sites
	-> Printing at chr: JASDQU011128980.1 pos:3579 chunknumber 70800 contains 39 sites
	-> Printing at chr: JASDQU011142463.1 pos:2163 chunknumber 70900 contains 181 sites
No data for chromoId=25667 chromoname=JASDQU011156192.1
This could either indicate that there really is no data for this chromosome
Or it could be problem with this program regSize=0 notDone=9
	-> Printing at chr: JASDQU011159545.1 pos:898 chunknumber 71000 contains 250 sites
	-> Printing at chr: JASDQU011175074.1 pos:8810 chunknumber 71100 contains 1526 sites
	-> Printing at chr: JASDQU011175621.1 pos:9216 chunknumber 71200 contains 2396 sites
	-> Printing at chr: JASDQU011176107.1 pos:188 chunknumber 71300 contains 2910 sites
	-> Printing at chr: JASDQU011176644.1 pos:15322 chunknumber 71400 contains 152 sites
	-> Printing at chr: JASDQU011177433.1 pos:61 chunknumber 71500 contains 3069 sites
	-> Printing at chr: JASDQU011178135.1 pos:20160 chunknumber 71600 contains 1043 sites
	-> Printing at chr: JASDQU011178658.1 pos:9759 chunknumber 71700 contains 512 sites
	-> Printing at chr: JASDQU011179210.1 pos:40836 chunknumber 71800 contains 878 sites
	-> Printing at chr: JASDQU011179760.1 pos:22917 chunknumber 71900 contains 700 sites
No data for chromoId=26073 chromoname=JASDQU011183048.1
This could either indicate that there really is no data for this chromosome
Or it could be problem with this program regSize=0 notDone=9
	-> Printing at chr: JASDQU011186838.1 pos:579 chunknumber 72000 contains 276 sites
	-> Printing at chr: JASDQU011210149.1 pos:1650 chunknumber 72100 contains 549 sites
	-> Printing at chr: JASDQU011234645.1 pos:337 chunknumber 72200 contains 1229 sites
No data for chromoId=26200 chromoname=JASDQU011235740.1
This could either indicate that there really is no data for this chromosome
Or it could be problem with this program regSize=0 notDone=9
No data for chromoId=26203 chromoname=JASDQU011236113.1
This could either indicate that there really is no data for this chromosome
Or it could be problem with this program regSize=0 notDone=9
	-> Printing at chr: JASDQU011239946.1 pos:2045 chunknumber 72300 contains 571 sites
No data for chromoId=26246 chromoname=JASDQU011241104.1
This could either indicate that there really is no data for this chromosome
Or it could be problem with this program regSize=0 notDone=9
	-> Printing at chr: JASDQU011245340.1 pos:21734 chunknumber 72400 contains 1536 sites
	-> Printing at chr: JASDQU011245904.1 pos:7611 chunknumber 72500 contains 112 sites
	-> Printing at chr: JASDQU011246732.1 pos:29977 chunknumber 72600 contains 339 sites
	-> Printing at chr: JASDQU011247377.1 pos:20226 chunknumber 72700 contains 1310 sites
	-> Printing at chr: JASDQU011248141.1 pos:2303 chunknumber 72800 contains 899 sites
No data for chromoId=26466 chromoname=JASDQU011248472.1
This could either indicate that there really is no data for this chromosome
Or it could be problem with this program regSize=0 notDone=9
	-> Printing at chr: JASDQU011248617.1 pos:25 chunknumber 72900 contains 1227 sites
	-> Printing at chr: JASDQU011249567.1 pos:15392 chunknumber 73000 contains 299 sites
	-> Printing at chr: JASDQU011263991.1 pos:1222 chunknumber 73100 contains 320 sites
	-> Printing at chr: JASDQU011285118.1 pos:1520 chunknumber 73200 contains 138 sites
	-> Printing at chr: JASDQU011294084.1 pos:2722 chunknumber 73300 contains 443 sites
	-> Printing at chr: JASDQU011310092.1 pos:24563 chunknumber 73400 contains 150 sites
	-> Printing at chr: JASDQU011310585.1 pos:21293 chunknumber 73500 contains 198 sites
	-> Printing at chr: JASDQU011311476.1 pos:48968 chunknumber 73600 contains 558 sites
	-> Printing at chr: JASDQU011312334.1 pos:28949 chunknumber 73700 contains 168 sites
	-> Printing at chr: JASDQU011312895.1 pos:13381 chunknumber 73800 contains 1913 sites
	-> Printing at chr: JASDQU011313460.1 pos:1171 chunknumber 73900 contains 502 sites
	-> Printing at chr: JASDQU011314078.1 pos:7691 chunknumber 74000 contains 278 sites
	-> Printing at chr: JASDQU011314609.1 pos:4482 chunknumber 74100 contains 544 sites
No data for chromoId=26958 chromoname=JASDQU011314642.1
This could either indicate that there really is no data for this chromosome
Or it could be problem with this program regSize=0 notDone=9
	-> Printing at chr: JASDQU011326190.1 pos:491 chunknumber 74200 contains 755 sites
	-> Printing at chr: JASDQU011346083.1 pos:2082 chunknumber 74300 contains 1085 sites
	-> Printing at chr: JASDQU011357213.1 pos:1017 chunknumber 74400 contains 497 sites
	-> Printing at chr: JASDQU011375123.1 pos:27797 chunknumber 74500 contains 1712 sites
	-> Printing at chr: JASDQU011375697.1 pos:15297 chunknumber 74600 contains 1124 sites
	-> Printing at chr: JASDQU011376491.1 pos:15586 chunknumber 74700 contains 945 sites
No data for chromoId=27223 chromoname=JASDQU011376564.1
This could either indicate that there really is no data for this chromosome
Or it could be problem with this program regSize=0 notDone=9
No data for chromoId=27245 chromoname=JASDQU011376977.1
This could either indicate that there really is no data for this chromosome
Or it could be problem with this program regSize=0 notDone=9
	-> Printing at chr: JASDQU011377157.1 pos:1959 chunknumber 74800 contains 5419 sites
	-> Printing at chr: JASDQU011377745.1 pos:42584 chunknumber 74900 contains 722 sites
	-> Printing at chr: JASDQU011378386.1 pos:3483 chunknumber 75000 contains 253 sites
	-> Printing at chr: JASDQU011379071.1 pos:14511 chunknumber 75100 contains 1783 sites
	-> Printing at chr: JASDQU011379644.1 pos:42907 chunknumber 75200 contains 302 sites
	-> Printing at chr: JASDQU011400263.1 pos:562 chunknumber 75300 contains 5290 sites
	-> Printing at chr: JASDQU011400587.1 pos:16975 chunknumber 75400 contains 2214 sites
	-> Printing at chr: JASDQU011400933.1 pos:72657 chunknumber 75500 contains 1141 sites
	-> Printing at chr: JASDQU011401187.1 pos:21445 chunknumber 75600 contains 6520 sites
	-> Printing at chr: JASDQU011401442.1 pos:123518 chunknumber 75700 contains 278 sites
	-> Printing at chr: JASDQU011401674.1 pos:95458 chunknumber 75800 contains 1577 sites
	-> Printing at chr: JASDQU011402129.1 pos:64447 chunknumber 75900 contains 555 sites
	-> Printing at chr: JASDQU011402560.1 pos:12352 chunknumber 76000 contains 2827 sites
	-> Printing at chr: JASDQU011402873.1 pos:3661 chunknumber 76100 contains 1871 sites
	-> Printing at chr: JASDQU011403237.1 pos:740 chunknumber 76200 contains 2962 sites
	-> Printing at chr: JASDQU011403512.1 pos:52712 chunknumber 76300 contains 693 sites
	-> Printing at chr: JASDQU011403774.1 pos:36398 chunknumber 76400 contains 531 sites
	-> Printing at chr: JASDQU011404093.1 pos:3364 chunknumber 76500 contains 1915 sites
	-> Printing at chr: JASDQU011404424.1 pos:1562 chunknumber 76600 contains 1005 sites
	-> Printing at chr: JASDQU011404679.1 pos:80036 chunknumber 76700 contains 278 sites
	-> Printing at chr: JASDQU011410596.1 pos:356 chunknumber 76800 contains 278 sites
	-> Printing at chr: JASDQU011439873.1 pos:22453 chunknumber 76900 contains 417 sites
	-> Printing at chr: JASDQU011440768.1 pos:2200 chunknumber 77000 contains 3868 sites
No data for chromoId=28111 chromoname=JASDQU011440870.1
This could either indicate that there really is no data for this chromosome
Or it could be problem with this program regSize=0 notDone=9
	-> Printing at chr: JASDQU011441313.1 pos:10363 chunknumber 77100 contains 4074 sites
	-> Printing at chr: JASDQU011441820.1 pos:20752 chunknumber 77200 contains 1253 sites
	-> Printing at chr: JASDQU011442467.1 pos:7240 chunknumber 77300 contains 622 sites
No data for chromoId=28227 chromoname=JASDQU011442547.1
This could either indicate that there really is no data for this chromosome
Or it could be problem with this program regSize=0 notDone=9
	-> Printing at chr: JASDQU011443053.1 pos:12431 chunknumber 77400 contains 633 sites
	-> Printing at chr: JASDQU011443612.1 pos:39173 chunknumber 77500 contains 165 sites
	-> Printing at chr: JASDQU011444320.1 pos:55488 chunknumber 77600 contains 299 sites
	-> Printing at chr: JASDQU011444784.1 pos:7927 chunknumber 77700 contains 270 sites
	-> Printing at chr: JASDQU011455136.1 pos:29240 chunknumber 77800 contains 3888 sites
No data for chromoId=28442 chromoname=JASDQU011457079.1
This could either indicate that there really is no data for this chromosome
Or it could be problem with this program regSize=0 notDone=9
	-> Printing at chr: JASDQU011459242.1 pos:1727 chunknumber 77900 contains 341 sites
No data for chromoId=28486 chromoname=JASDQU011476307.1
This could either indicate that there really is no data for this chromosome
Or it could be problem with this program regSize=0 notDone=9
	-> Printing at chr: JASDQU011491410.1 pos:787 chunknumber 78000 contains 298 sites
	-> Printing at chr: JASDQU011505239.1 pos:3941 chunknumber 78100 contains 4657 sites
	-> Printing at chr: JASDQU011505852.1 pos:4371 chunknumber 78200 contains 1012 sites
	-> Printing at chr: JASDQU011506606.1 pos:14772 chunknumber 78300 contains 139 sites
No data for chromoId=28644 chromoname=JASDQU011506798.1
This could either indicate that there really is no data for this chromosome
Or it could be problem with this program regSize=0 notDone=9
	-> Printing at chr: JASDQU011507128.1 pos:1 chunknumber 78400 contains 1140 sites
	-> Printing at chr: JASDQU011507956.1 pos:770 chunknumber 78500 contains 744 sites
	-> Printing at chr: JASDQU011508683.1 pos:5198 chunknumber 78600 contains 4986 sites
	-> Printing at chr: JASDQU011509304.1 pos:21540 chunknumber 78700 contains 538 sites
No data for chromoId=28813 chromoname=JASDQU011509730.1
This could either indicate that there really is no data for this chromosome
Or it could be problem with this program regSize=0 notDone=9
	-> Printing at chr: JASDQU011512154.1 pos:367 chunknumber 78800 contains 200 sites
No data for chromoId=28839 chromoname=JASDQU011512257.1
This could either indicate that there really is no data for this chromosome
Or it could be problem with this program regSize=0 notDone=9
	-> Printing at chr: JASDQU011517623.1 pos:607 chunknumber 78900 contains 323 sites
No data for chromoId=28916 chromoname=JASDQU011538818.1
This could either indicate that there really is no data for this chromosome
Or it could be problem with this program regSize=0 notDone=9
	-> Printing at chr: JASDQU011549900.1 pos:450 chunknumber 79000 contains 61 sites

	-> Done reading data waiting for calculations to finish
	-> Done waiting for threads
	-> Output filenames:
		->"/users/s/r/srkeller/projects/eco_genomics_2025/population_genomics/mydata/ANGSD/MN_ALL.arg"
		->"/users/s/r/srkeller/projects/eco_genomics_2025/population_genomics/mydata/ANGSD/MN_ALL.saf.gz"
		->"/users/s/r/srkeller/projects/eco_genomics_2025/population_genomics/mydata/ANGSD/MN_ALL.saf.pos.gz"
		->"/users/s/r/srkeller/projects/eco_genomics_2025/population_genomics/mydata/ANGSD/MN_ALL.saf.idx"
	-> Sun Sep 21 04:42:08 2025
	-> Arguments and parameters for all analysis are located in .arg file
	-> Total number of sites analyzed: 172628283
	-> Number of sites retained after filtering: 28800852 
	[ALL done] cpu-time used =  616.99 sec
	[ALL done] walltime used =  28803.00 sec
