------------------------------------
PCAngsd v1.36.1
Jonas Meisner and Anders Albrechtsen
Using 10 thread(s)
------------------------------------

Parsing Beagle file.
Loaded 971934 sites and 113 samples.
Estimating minor allele frequencies.
EM (MAF) converged at iteration: 7
Number of sites after MAF filtering (0.05): 697053

Estimating covariance matrix.
Using 1 principal components (manually selected).
Individual allele frequencies estimated (1).
Individual allele frequencies estimated (2).	RMSE=0.0028639
Individual allele frequencies estimated (3).	RMSE=0.0015031
Individual allele frequencies estimated (4).	RMSE=0.0009133
Individual allele frequencies estimated (5).	RMSE=0.0005977
Individual allele frequencies estimated (6).	RMSE=0.0004096
Individual allele frequencies estimated (7).	RMSE=0.0002913
Individual allele frequencies estimated (8).	RMSE=0.0002161
Individual allele frequencies estimated (9).	RMSE=0.0001673
Individual allele frequencies estimated (10).	RMSE=0.0001371
Individual allele frequencies estimated (11).	RMSE=0.0001188
Individual allele frequencies estimated (12).	RMSE=0.0001070
Individual allele frequencies estimated (13).	RMSE=0.0000998
Individual allele frequencies estimated (14).	RMSE=0.0000948
Individual allele frequencies estimated (15).	RMSE=0.0000915
Individual allele frequencies estimated (16).	RMSE=0.0000886
Individual allele frequencies estimated (17).	RMSE=0.0000862
Individual allele frequencies estimated (18).	RMSE=0.0000841
Individual allele frequencies estimated (19).	RMSE=0.0000821
Individual allele frequencies estimated (20).	RMSE=0.0000802
Individual allele frequencies estimated (21).	RMSE=0.0000784
Individual allele frequencies estimated (22).	RMSE=0.0000766
Individual allele frequencies estimated (23).	RMSE=0.0000749
Individual allele frequencies estimated (24).	RMSE=0.0000732
Individual allele frequencies estimated (25).	RMSE=0.0000716
Individual allele frequencies estimated (26).	RMSE=0.0000700
Individual allele frequencies estimated (27).	RMSE=0.0000684
Individual allele frequencies estimated (28).	RMSE=0.0000668
Individual allele frequencies estimated (29).	RMSE=0.0000652
Individual allele frequencies estimated (30).	RMSE=0.0000637
Individual allele frequencies estimated (31).	RMSE=0.0000622
Individual allele frequencies estimated (32).	RMSE=0.0000607
Individual allele frequencies estimated (33).	RMSE=0.0000592
Individual allele frequencies estimated (34).	RMSE=0.0000577
Individual allele frequencies estimated (35).	RMSE=0.0000563
Individual allele frequencies estimated (36).	RMSE=0.0000548
Individual allele frequencies estimated (37).	RMSE=0.0000534
Individual allele frequencies estimated (38).	RMSE=0.0000520
Individual allele frequencies estimated (39).	RMSE=0.0000506
Individual allele frequencies estimated (40).	RMSE=0.0000493
Individual allele frequencies estimated (41).	RMSE=0.0000478
Individual allele frequencies estimated (42).	RMSE=0.0000464
Individual allele frequencies estimated (43).	RMSE=0.0000451
Individual allele frequencies estimated (44).	RMSE=0.0000438
Individual allele frequencies estimated (45).	RMSE=0.0000424
Individual allele frequencies estimated (46).	RMSE=0.0000411
Individual allele frequencies estimated (47).	RMSE=0.0000398
Individual allele frequencies estimated (48).	RMSE=0.0000385
Individual allele frequencies estimated (49).	RMSE=0.0000372
Individual allele frequencies estimated (50).	RMSE=0.0000359
Individual allele frequencies estimated (51).	RMSE=0.0000347
Individual allele frequencies estimated (52).	RMSE=0.0000334
Individual allele frequencies estimated (53).	RMSE=0.0000322
Individual allele frequencies estimated (54).	RMSE=0.0000310
Individual allele frequencies estimated (55).	RMSE=0.0000298
Individual allele frequencies estimated (56).	RMSE=0.0000286
Individual allele frequencies estimated (57).	RMSE=0.0000275
Individual allele frequencies estimated (58).	RMSE=0.0000264
Individual allele frequencies estimated (59).	RMSE=0.0000253
Individual allele frequencies estimated (60).	RMSE=0.0000242
Individual allele frequencies estimated (61).	RMSE=0.0000232
Individual allele frequencies estimated (62).	RMSE=0.0000222
Individual allele frequencies estimated (63).	RMSE=0.0000212
Individual allele frequencies estimated (64).	RMSE=0.0000203
Individual allele frequencies estimated (65).	RMSE=0.0000193
Individual allele frequencies estimated (66).	RMSE=0.0000184
Individual allele frequencies estimated (67).	RMSE=0.0000175
Individual allele frequencies estimated (68).	RMSE=0.0000167
Individual allele frequencies estimated (69).	RMSE=0.0000159
Individual allele frequencies estimated (70).	RMSE=0.0000151
Individual allele frequencies estimated (71).	RMSE=0.0000144
Individual allele frequencies estimated (72).	RMSE=0.0000136
Individual allele frequencies estimated (73).	RMSE=0.0000129
Individual allele frequencies estimated (74).	RMSE=0.0000122
Individual allele frequencies estimated (75).	RMSE=0.0000117
Individual allele frequencies estimated (76).	RMSE=0.0000110
Individual allele frequencies estimated (77).	RMSE=0.0000104
Individual allele frequencies estimated (78).	RMSE=0.0000100
PCAngsd converged.
Saved covariance matrix as /users/s/r/srkeller/projects/eco_genomics_2025/population_genomics/myresults/ANGSD/PCA_ADMIX/RSBS_poly_K2.cov

Estimating admixture proportions using NMF (CSG-MU).
K=2, Alpha=0.0, Batches=10, Seed=0
CSG-MU (1).	RMSE=0.248215177
CSG-MU (2).	RMSE=0.418582207
CSG-MU (3).	RMSE=0.013062430
CSG-MU (4).	RMSE=0.004523942
CSG-MU (5).	RMSE=0.002227874
CSG-MU (6).	RMSE=0.000993427
CSG-MU (7).	RMSE=0.000478273
CSG-MU (8).	RMSE=0.000295464
CSG-MU (9).	RMSE=0.000208391
CSG-MU (10).	RMSE=0.000121162
CSG-MU (11).	RMSE=0.000076089
CSG-MU (12).	RMSE=0.000057842
CSG-MU (13).	RMSE=0.000046392
CSG-MU (14).	RMSE=0.000034594
CSG-MU (15).	RMSE=0.000023360
CSG-MU (16).	RMSE=0.000015992
CSG-MU (17).	RMSE=0.000010995
CSG-MU (18).	RMSE=0.000007688
Converged.
Frobenius error: 41.69135
Log-likelihood: -60158717.78116
Saved admixture proportions as /users/s/r/srkeller/projects/eco_genomics_2025/population_genomics/myresults/ANGSD/PCA_ADMIX/RSBS_poly_K2.admix.2.Q
Saved ancestral allele frequencies proportions as /users/s/r/srkeller/projects/eco_genomics_2025/population_genomics/myresults/ANGSD/PCA_ADMIX/RSBS_poly_K2.admix.2.P

Total elapsed time: 3m5s
